ARM GAS  C:\Users\theto\AppData\Local\Temp\ccIeMQlV.s 			page 1


   1              		.cpu cortex-m7
   2              		.arch armv7e-m
   3              		.fpu fpv5-d16
   4              		.eabi_attribute 28, 1
   5              		.eabi_attribute 20, 1
   6              		.eabi_attribute 21, 1
   7              		.eabi_attribute 23, 3
   8              		.eabi_attribute 24, 1
   9              		.eabi_attribute 25, 1
  10              		.eabi_attribute 26, 1
  11              		.eabi_attribute 30, 1
  12              		.eabi_attribute 34, 1
  13              		.eabi_attribute 18, 4
  14              		.file	"stm32h7xx_hal_msp.c"
  15              		.text
  16              	.Ltext0:
  17              		.cfi_sections	.debug_frame
  18              		.section	.text.HAL_MspInit,"ax",%progbits
  19              		.align	1
  20              		.global	HAL_MspInit
  21              		.syntax unified
  22              		.thumb
  23              		.thumb_func
  25              	HAL_MspInit:
  26              	.LFB144:
  27              		.file 1 "Src/stm32h7xx_hal_msp.c"
   1:Src/stm32h7xx_hal_msp.c **** /* USER CODE BEGIN Header */
   2:Src/stm32h7xx_hal_msp.c **** /**
   3:Src/stm32h7xx_hal_msp.c ****   ******************************************************************************
   4:Src/stm32h7xx_hal_msp.c ****   * @file         stm32h7xx_hal_msp.c
   5:Src/stm32h7xx_hal_msp.c ****   * @brief        This file provides code for the MSP Initialization
   6:Src/stm32h7xx_hal_msp.c ****   *               and de-Initialization codes.
   7:Src/stm32h7xx_hal_msp.c ****   ******************************************************************************
   8:Src/stm32h7xx_hal_msp.c ****   * @attention
   9:Src/stm32h7xx_hal_msp.c ****   *
  10:Src/stm32h7xx_hal_msp.c ****   * Copyright (c) 2022 STMicroelectronics.
  11:Src/stm32h7xx_hal_msp.c ****   * All rights reserved.
  12:Src/stm32h7xx_hal_msp.c ****   *
  13:Src/stm32h7xx_hal_msp.c ****   * This software is licensed under terms that can be found in the LICENSE file
  14:Src/stm32h7xx_hal_msp.c ****   * in the root directory of this software component.
  15:Src/stm32h7xx_hal_msp.c ****   * If no LICENSE file comes with this software, it is provided AS-IS.
  16:Src/stm32h7xx_hal_msp.c ****   *
  17:Src/stm32h7xx_hal_msp.c ****   ******************************************************************************
  18:Src/stm32h7xx_hal_msp.c ****   */
  19:Src/stm32h7xx_hal_msp.c **** /* USER CODE END Header */
  20:Src/stm32h7xx_hal_msp.c **** 
  21:Src/stm32h7xx_hal_msp.c **** /* Includes ------------------------------------------------------------------*/
  22:Src/stm32h7xx_hal_msp.c **** #include "main.h"
  23:Src/stm32h7xx_hal_msp.c **** /* USER CODE BEGIN Includes */
  24:Src/stm32h7xx_hal_msp.c **** 
  25:Src/stm32h7xx_hal_msp.c **** /* USER CODE END Includes */
  26:Src/stm32h7xx_hal_msp.c **** 
  27:Src/stm32h7xx_hal_msp.c **** /* Private typedef -----------------------------------------------------------*/
  28:Src/stm32h7xx_hal_msp.c **** /* USER CODE BEGIN TD */
  29:Src/stm32h7xx_hal_msp.c **** 
  30:Src/stm32h7xx_hal_msp.c **** /* USER CODE END TD */
  31:Src/stm32h7xx_hal_msp.c **** 
ARM GAS  C:\Users\theto\AppData\Local\Temp\ccIeMQlV.s 			page 2


  32:Src/stm32h7xx_hal_msp.c **** /* Private define ------------------------------------------------------------*/
  33:Src/stm32h7xx_hal_msp.c **** /* USER CODE BEGIN Define */
  34:Src/stm32h7xx_hal_msp.c **** 
  35:Src/stm32h7xx_hal_msp.c **** /* USER CODE END Define */
  36:Src/stm32h7xx_hal_msp.c **** 
  37:Src/stm32h7xx_hal_msp.c **** /* Private macro -------------------------------------------------------------*/
  38:Src/stm32h7xx_hal_msp.c **** /* USER CODE BEGIN Macro */
  39:Src/stm32h7xx_hal_msp.c **** 
  40:Src/stm32h7xx_hal_msp.c **** /* USER CODE END Macro */
  41:Src/stm32h7xx_hal_msp.c **** 
  42:Src/stm32h7xx_hal_msp.c **** /* Private variables ---------------------------------------------------------*/
  43:Src/stm32h7xx_hal_msp.c **** /* USER CODE BEGIN PV */
  44:Src/stm32h7xx_hal_msp.c **** 
  45:Src/stm32h7xx_hal_msp.c **** /* USER CODE END PV */
  46:Src/stm32h7xx_hal_msp.c **** 
  47:Src/stm32h7xx_hal_msp.c **** /* Private function prototypes -----------------------------------------------*/
  48:Src/stm32h7xx_hal_msp.c **** /* USER CODE BEGIN PFP */
  49:Src/stm32h7xx_hal_msp.c **** 
  50:Src/stm32h7xx_hal_msp.c **** /* USER CODE END PFP */
  51:Src/stm32h7xx_hal_msp.c **** 
  52:Src/stm32h7xx_hal_msp.c **** /* External functions --------------------------------------------------------*/
  53:Src/stm32h7xx_hal_msp.c **** /* USER CODE BEGIN ExternalFunctions */
  54:Src/stm32h7xx_hal_msp.c **** 
  55:Src/stm32h7xx_hal_msp.c **** /* USER CODE END ExternalFunctions */
  56:Src/stm32h7xx_hal_msp.c **** 
  57:Src/stm32h7xx_hal_msp.c **** /* USER CODE BEGIN 0 */
  58:Src/stm32h7xx_hal_msp.c **** 
  59:Src/stm32h7xx_hal_msp.c **** /* USER CODE END 0 */
  60:Src/stm32h7xx_hal_msp.c **** /**
  61:Src/stm32h7xx_hal_msp.c ****   * Initializes the Global MSP.
  62:Src/stm32h7xx_hal_msp.c ****   */
  63:Src/stm32h7xx_hal_msp.c **** void HAL_MspInit(void)
  64:Src/stm32h7xx_hal_msp.c **** {
  28              		.loc 1 64 1 view -0
  29              		.cfi_startproc
  30              		@ args = 0, pretend = 0, frame = 8
  31              		@ frame_needed = 0, uses_anonymous_args = 0
  32              		@ link register save eliminated.
  33 0000 82B0     		sub	sp, sp, #8
  34              	.LCFI0:
  35              		.cfi_def_cfa_offset 8
  65:Src/stm32h7xx_hal_msp.c ****   /* USER CODE BEGIN MspInit 0 */
  66:Src/stm32h7xx_hal_msp.c **** 
  67:Src/stm32h7xx_hal_msp.c ****   /* USER CODE END MspInit 0 */
  68:Src/stm32h7xx_hal_msp.c **** 
  69:Src/stm32h7xx_hal_msp.c ****   __HAL_RCC_SYSCFG_CLK_ENABLE();
  36              		.loc 1 69 3 view .LVU1
  37              	.LBB2:
  38              		.loc 1 69 3 view .LVU2
  39              		.loc 1 69 3 view .LVU3
  40 0002 074B     		ldr	r3, .L3
  41 0004 D3F8F420 		ldr	r2, [r3, #244]
  42 0008 42F00202 		orr	r2, r2, #2
  43 000c C3F8F420 		str	r2, [r3, #244]
  44              		.loc 1 69 3 view .LVU4
  45 0010 D3F8F430 		ldr	r3, [r3, #244]
  46 0014 03F00203 		and	r3, r3, #2
ARM GAS  C:\Users\theto\AppData\Local\Temp\ccIeMQlV.s 			page 3


  47 0018 0193     		str	r3, [sp, #4]
  48              		.loc 1 69 3 view .LVU5
  49 001a 019B     		ldr	r3, [sp, #4]
  50              	.LBE2:
  51              		.loc 1 69 3 view .LVU6
  70:Src/stm32h7xx_hal_msp.c **** 
  71:Src/stm32h7xx_hal_msp.c ****   /* System interrupt init*/
  72:Src/stm32h7xx_hal_msp.c **** 
  73:Src/stm32h7xx_hal_msp.c ****   /* USER CODE BEGIN MspInit 1 */
  74:Src/stm32h7xx_hal_msp.c **** 
  75:Src/stm32h7xx_hal_msp.c ****   /* USER CODE END MspInit 1 */
  76:Src/stm32h7xx_hal_msp.c **** }
  52              		.loc 1 76 1 is_stmt 0 view .LVU7
  53 001c 02B0     		add	sp, sp, #8
  54              	.LCFI1:
  55              		.cfi_def_cfa_offset 0
  56              		@ sp needed
  57 001e 7047     		bx	lr
  58              	.L4:
  59              		.align	2
  60              	.L3:
  61 0020 00440258 		.word	1476543488
  62              		.cfi_endproc
  63              	.LFE144:
  65              		.section	.text.HAL_DCMI_MspInit,"ax",%progbits
  66              		.align	1
  67              		.global	HAL_DCMI_MspInit
  68              		.syntax unified
  69              		.thumb
  70              		.thumb_func
  72              	HAL_DCMI_MspInit:
  73              	.LVL0:
  74              	.LFB145:
  77:Src/stm32h7xx_hal_msp.c **** 
  78:Src/stm32h7xx_hal_msp.c **** /**
  79:Src/stm32h7xx_hal_msp.c **** * @brief DCMI MSP Initialization
  80:Src/stm32h7xx_hal_msp.c **** * This function configures the hardware resources used in this example
  81:Src/stm32h7xx_hal_msp.c **** * @param hdcmi: DCMI handle pointer
  82:Src/stm32h7xx_hal_msp.c **** * @retval None
  83:Src/stm32h7xx_hal_msp.c **** */
  84:Src/stm32h7xx_hal_msp.c **** void HAL_DCMI_MspInit(DCMI_HandleTypeDef* hdcmi)
  85:Src/stm32h7xx_hal_msp.c **** {
  75              		.loc 1 85 1 is_stmt 1 view -0
  76              		.cfi_startproc
  77              		@ args = 0, pretend = 0, frame = 40
  78              		@ frame_needed = 0, uses_anonymous_args = 0
  79              		.loc 1 85 1 is_stmt 0 view .LVU9
  80 0000 70B5     		push	{r4, r5, r6, lr}
  81              	.LCFI2:
  82              		.cfi_def_cfa_offset 16
  83              		.cfi_offset 4, -16
  84              		.cfi_offset 5, -12
  85              		.cfi_offset 6, -8
  86              		.cfi_offset 14, -4
  87 0002 8AB0     		sub	sp, sp, #40
  88              	.LCFI3:
  89              		.cfi_def_cfa_offset 56
ARM GAS  C:\Users\theto\AppData\Local\Temp\ccIeMQlV.s 			page 4


  86:Src/stm32h7xx_hal_msp.c ****   GPIO_InitTypeDef GPIO_InitStruct = {0};
  90              		.loc 1 86 3 is_stmt 1 view .LVU10
  91              		.loc 1 86 20 is_stmt 0 view .LVU11
  92 0004 0023     		movs	r3, #0
  93 0006 0593     		str	r3, [sp, #20]
  94 0008 0693     		str	r3, [sp, #24]
  95 000a 0793     		str	r3, [sp, #28]
  96 000c 0893     		str	r3, [sp, #32]
  97 000e 0993     		str	r3, [sp, #36]
  87:Src/stm32h7xx_hal_msp.c ****   if(hdcmi->Instance==DCMI)
  98              		.loc 1 87 3 is_stmt 1 view .LVU12
  99              		.loc 1 87 11 is_stmt 0 view .LVU13
 100 0010 0268     		ldr	r2, [r0]
 101              		.loc 1 87 5 view .LVU14
 102 0012 364B     		ldr	r3, .L9
 103 0014 9A42     		cmp	r2, r3
 104 0016 01D0     		beq	.L8
 105              	.LVL1:
 106              	.L5:
  88:Src/stm32h7xx_hal_msp.c ****   {
  89:Src/stm32h7xx_hal_msp.c ****   /* USER CODE BEGIN DCMI_MspInit 0 */
  90:Src/stm32h7xx_hal_msp.c **** 
  91:Src/stm32h7xx_hal_msp.c ****   /* USER CODE END DCMI_MspInit 0 */
  92:Src/stm32h7xx_hal_msp.c ****     /* Peripheral clock enable */
  93:Src/stm32h7xx_hal_msp.c ****     __HAL_RCC_DCMI_CLK_ENABLE();
  94:Src/stm32h7xx_hal_msp.c **** 
  95:Src/stm32h7xx_hal_msp.c ****     __HAL_RCC_GPIOE_CLK_ENABLE();
  96:Src/stm32h7xx_hal_msp.c ****     __HAL_RCC_GPIOA_CLK_ENABLE();
  97:Src/stm32h7xx_hal_msp.c ****     __HAL_RCC_GPIOC_CLK_ENABLE();
  98:Src/stm32h7xx_hal_msp.c ****     __HAL_RCC_GPIOD_CLK_ENABLE();
  99:Src/stm32h7xx_hal_msp.c ****     /**DCMI GPIO Configuration
 100:Src/stm32h7xx_hal_msp.c ****     PE4     ------> DCMI_D4
 101:Src/stm32h7xx_hal_msp.c ****     PE5     ------> DCMI_D6
 102:Src/stm32h7xx_hal_msp.c ****     PE6     ------> DCMI_D7
 103:Src/stm32h7xx_hal_msp.c ****     PA6     ------> DCMI_PIXCLK
 104:Src/stm32h7xx_hal_msp.c ****     PC6     ------> DCMI_D0
 105:Src/stm32h7xx_hal_msp.c ****     PC7     ------> DCMI_D1
 106:Src/stm32h7xx_hal_msp.c ****     PC8     ------> DCMI_D2
 107:Src/stm32h7xx_hal_msp.c ****     PC9     ------> DCMI_D3
 108:Src/stm32h7xx_hal_msp.c ****     PD3     ------> DCMI_D5
 109:Src/stm32h7xx_hal_msp.c ****     */
 110:Src/stm32h7xx_hal_msp.c ****     GPIO_InitStruct.Pin = GPIO_PIN_4|GPIO_PIN_5|GPIO_PIN_6;
 111:Src/stm32h7xx_hal_msp.c ****     GPIO_InitStruct.Mode = GPIO_MODE_AF_PP;
 112:Src/stm32h7xx_hal_msp.c ****     GPIO_InitStruct.Pull = GPIO_NOPULL;
 113:Src/stm32h7xx_hal_msp.c ****     GPIO_InitStruct.Speed = GPIO_SPEED_FREQ_LOW;
 114:Src/stm32h7xx_hal_msp.c ****     GPIO_InitStruct.Alternate = GPIO_AF13_DCMI;
 115:Src/stm32h7xx_hal_msp.c ****     HAL_GPIO_Init(GPIOE, &GPIO_InitStruct);
 116:Src/stm32h7xx_hal_msp.c **** 
 117:Src/stm32h7xx_hal_msp.c ****     GPIO_InitStruct.Pin = GPIO_PIN_6;
 118:Src/stm32h7xx_hal_msp.c ****     GPIO_InitStruct.Mode = GPIO_MODE_AF_PP;
 119:Src/stm32h7xx_hal_msp.c ****     GPIO_InitStruct.Pull = GPIO_NOPULL;
 120:Src/stm32h7xx_hal_msp.c ****     GPIO_InitStruct.Speed = GPIO_SPEED_FREQ_LOW;
 121:Src/stm32h7xx_hal_msp.c ****     GPIO_InitStruct.Alternate = GPIO_AF13_DCMI;
 122:Src/stm32h7xx_hal_msp.c ****     HAL_GPIO_Init(GPIOA, &GPIO_InitStruct);
 123:Src/stm32h7xx_hal_msp.c **** 
 124:Src/stm32h7xx_hal_msp.c ****     GPIO_InitStruct.Pin = GPIO_PIN_6|GPIO_PIN_7|GPIO_PIN_8|GPIO_PIN_9;
 125:Src/stm32h7xx_hal_msp.c ****     GPIO_InitStruct.Mode = GPIO_MODE_AF_PP;
ARM GAS  C:\Users\theto\AppData\Local\Temp\ccIeMQlV.s 			page 5


 126:Src/stm32h7xx_hal_msp.c ****     GPIO_InitStruct.Pull = GPIO_NOPULL;
 127:Src/stm32h7xx_hal_msp.c ****     GPIO_InitStruct.Speed = GPIO_SPEED_FREQ_LOW;
 128:Src/stm32h7xx_hal_msp.c ****     GPIO_InitStruct.Alternate = GPIO_AF13_DCMI;
 129:Src/stm32h7xx_hal_msp.c ****     HAL_GPIO_Init(GPIOC, &GPIO_InitStruct);
 130:Src/stm32h7xx_hal_msp.c **** 
 131:Src/stm32h7xx_hal_msp.c ****     GPIO_InitStruct.Pin = GPIO_PIN_3;
 132:Src/stm32h7xx_hal_msp.c ****     GPIO_InitStruct.Mode = GPIO_MODE_AF_PP;
 133:Src/stm32h7xx_hal_msp.c ****     GPIO_InitStruct.Pull = GPIO_NOPULL;
 134:Src/stm32h7xx_hal_msp.c ****     GPIO_InitStruct.Speed = GPIO_SPEED_FREQ_LOW;
 135:Src/stm32h7xx_hal_msp.c ****     GPIO_InitStruct.Alternate = GPIO_AF13_DCMI;
 136:Src/stm32h7xx_hal_msp.c ****     HAL_GPIO_Init(GPIOD, &GPIO_InitStruct);
 137:Src/stm32h7xx_hal_msp.c **** 
 138:Src/stm32h7xx_hal_msp.c ****   /* USER CODE BEGIN DCMI_MspInit 1 */
 139:Src/stm32h7xx_hal_msp.c **** 
 140:Src/stm32h7xx_hal_msp.c ****   /* USER CODE END DCMI_MspInit 1 */
 141:Src/stm32h7xx_hal_msp.c ****   }
 142:Src/stm32h7xx_hal_msp.c **** 
 143:Src/stm32h7xx_hal_msp.c **** }
 107              		.loc 1 143 1 view .LVU15
 108 0018 0AB0     		add	sp, sp, #40
 109              	.LCFI4:
 110              		.cfi_remember_state
 111              		.cfi_def_cfa_offset 16
 112              		@ sp needed
 113 001a 70BD     		pop	{r4, r5, r6, pc}
 114              	.LVL2:
 115              	.L8:
 116              	.LCFI5:
 117              		.cfi_restore_state
  93:Src/stm32h7xx_hal_msp.c **** 
 118              		.loc 1 93 5 is_stmt 1 view .LVU16
 119              	.LBB3:
  93:Src/stm32h7xx_hal_msp.c **** 
 120              		.loc 1 93 5 view .LVU17
  93:Src/stm32h7xx_hal_msp.c **** 
 121              		.loc 1 93 5 view .LVU18
 122 001c 344B     		ldr	r3, .L9+4
 123 001e D3F8DC20 		ldr	r2, [r3, #220]
 124 0022 42F00102 		orr	r2, r2, #1
 125 0026 C3F8DC20 		str	r2, [r3, #220]
  93:Src/stm32h7xx_hal_msp.c **** 
 126              		.loc 1 93 5 view .LVU19
 127 002a D3F8DC20 		ldr	r2, [r3, #220]
 128 002e 02F00102 		and	r2, r2, #1
 129 0032 0092     		str	r2, [sp]
  93:Src/stm32h7xx_hal_msp.c **** 
 130              		.loc 1 93 5 view .LVU20
 131 0034 009A     		ldr	r2, [sp]
 132              	.LBE3:
  93:Src/stm32h7xx_hal_msp.c **** 
 133              		.loc 1 93 5 view .LVU21
  95:Src/stm32h7xx_hal_msp.c ****     __HAL_RCC_GPIOA_CLK_ENABLE();
 134              		.loc 1 95 5 view .LVU22
 135              	.LBB4:
  95:Src/stm32h7xx_hal_msp.c ****     __HAL_RCC_GPIOA_CLK_ENABLE();
 136              		.loc 1 95 5 view .LVU23
  95:Src/stm32h7xx_hal_msp.c ****     __HAL_RCC_GPIOA_CLK_ENABLE();
ARM GAS  C:\Users\theto\AppData\Local\Temp\ccIeMQlV.s 			page 6


 137              		.loc 1 95 5 view .LVU24
 138 0036 D3F8E020 		ldr	r2, [r3, #224]
 139 003a 42F01002 		orr	r2, r2, #16
 140 003e C3F8E020 		str	r2, [r3, #224]
  95:Src/stm32h7xx_hal_msp.c ****     __HAL_RCC_GPIOA_CLK_ENABLE();
 141              		.loc 1 95 5 view .LVU25
 142 0042 D3F8E020 		ldr	r2, [r3, #224]
 143 0046 02F01002 		and	r2, r2, #16
 144 004a 0192     		str	r2, [sp, #4]
  95:Src/stm32h7xx_hal_msp.c ****     __HAL_RCC_GPIOA_CLK_ENABLE();
 145              		.loc 1 95 5 view .LVU26
 146 004c 019A     		ldr	r2, [sp, #4]
 147              	.LBE4:
  95:Src/stm32h7xx_hal_msp.c ****     __HAL_RCC_GPIOA_CLK_ENABLE();
 148              		.loc 1 95 5 view .LVU27
  96:Src/stm32h7xx_hal_msp.c ****     __HAL_RCC_GPIOC_CLK_ENABLE();
 149              		.loc 1 96 5 view .LVU28
 150              	.LBB5:
  96:Src/stm32h7xx_hal_msp.c ****     __HAL_RCC_GPIOC_CLK_ENABLE();
 151              		.loc 1 96 5 view .LVU29
  96:Src/stm32h7xx_hal_msp.c ****     __HAL_RCC_GPIOC_CLK_ENABLE();
 152              		.loc 1 96 5 view .LVU30
 153 004e D3F8E020 		ldr	r2, [r3, #224]
 154 0052 42F00102 		orr	r2, r2, #1
 155 0056 C3F8E020 		str	r2, [r3, #224]
  96:Src/stm32h7xx_hal_msp.c ****     __HAL_RCC_GPIOC_CLK_ENABLE();
 156              		.loc 1 96 5 view .LVU31
 157 005a D3F8E020 		ldr	r2, [r3, #224]
 158 005e 02F00102 		and	r2, r2, #1
 159 0062 0292     		str	r2, [sp, #8]
  96:Src/stm32h7xx_hal_msp.c ****     __HAL_RCC_GPIOC_CLK_ENABLE();
 160              		.loc 1 96 5 view .LVU32
 161 0064 029A     		ldr	r2, [sp, #8]
 162              	.LBE5:
  96:Src/stm32h7xx_hal_msp.c ****     __HAL_RCC_GPIOC_CLK_ENABLE();
 163              		.loc 1 96 5 view .LVU33
  97:Src/stm32h7xx_hal_msp.c ****     __HAL_RCC_GPIOD_CLK_ENABLE();
 164              		.loc 1 97 5 view .LVU34
 165              	.LBB6:
  97:Src/stm32h7xx_hal_msp.c ****     __HAL_RCC_GPIOD_CLK_ENABLE();
 166              		.loc 1 97 5 view .LVU35
  97:Src/stm32h7xx_hal_msp.c ****     __HAL_RCC_GPIOD_CLK_ENABLE();
 167              		.loc 1 97 5 view .LVU36
 168 0066 D3F8E020 		ldr	r2, [r3, #224]
 169 006a 42F00402 		orr	r2, r2, #4
 170 006e C3F8E020 		str	r2, [r3, #224]
  97:Src/stm32h7xx_hal_msp.c ****     __HAL_RCC_GPIOD_CLK_ENABLE();
 171              		.loc 1 97 5 view .LVU37
 172 0072 D3F8E020 		ldr	r2, [r3, #224]
 173 0076 02F00402 		and	r2, r2, #4
 174 007a 0392     		str	r2, [sp, #12]
  97:Src/stm32h7xx_hal_msp.c ****     __HAL_RCC_GPIOD_CLK_ENABLE();
 175              		.loc 1 97 5 view .LVU38
 176 007c 039A     		ldr	r2, [sp, #12]
 177              	.LBE6:
  97:Src/stm32h7xx_hal_msp.c ****     __HAL_RCC_GPIOD_CLK_ENABLE();
 178              		.loc 1 97 5 view .LVU39
ARM GAS  C:\Users\theto\AppData\Local\Temp\ccIeMQlV.s 			page 7


  98:Src/stm32h7xx_hal_msp.c ****     /**DCMI GPIO Configuration
 179              		.loc 1 98 5 view .LVU40
 180              	.LBB7:
  98:Src/stm32h7xx_hal_msp.c ****     /**DCMI GPIO Configuration
 181              		.loc 1 98 5 view .LVU41
  98:Src/stm32h7xx_hal_msp.c ****     /**DCMI GPIO Configuration
 182              		.loc 1 98 5 view .LVU42
 183 007e D3F8E020 		ldr	r2, [r3, #224]
 184 0082 42F00802 		orr	r2, r2, #8
 185 0086 C3F8E020 		str	r2, [r3, #224]
  98:Src/stm32h7xx_hal_msp.c ****     /**DCMI GPIO Configuration
 186              		.loc 1 98 5 view .LVU43
 187 008a D3F8E030 		ldr	r3, [r3, #224]
 188 008e 03F00803 		and	r3, r3, #8
 189 0092 0493     		str	r3, [sp, #16]
  98:Src/stm32h7xx_hal_msp.c ****     /**DCMI GPIO Configuration
 190              		.loc 1 98 5 view .LVU44
 191 0094 049B     		ldr	r3, [sp, #16]
 192              	.LBE7:
  98:Src/stm32h7xx_hal_msp.c ****     /**DCMI GPIO Configuration
 193              		.loc 1 98 5 view .LVU45
 110:Src/stm32h7xx_hal_msp.c ****     GPIO_InitStruct.Mode = GPIO_MODE_AF_PP;
 194              		.loc 1 110 5 view .LVU46
 110:Src/stm32h7xx_hal_msp.c ****     GPIO_InitStruct.Mode = GPIO_MODE_AF_PP;
 195              		.loc 1 110 25 is_stmt 0 view .LVU47
 196 0096 7023     		movs	r3, #112
 197 0098 0593     		str	r3, [sp, #20]
 111:Src/stm32h7xx_hal_msp.c ****     GPIO_InitStruct.Pull = GPIO_NOPULL;
 198              		.loc 1 111 5 is_stmt 1 view .LVU48
 111:Src/stm32h7xx_hal_msp.c ****     GPIO_InitStruct.Pull = GPIO_NOPULL;
 199              		.loc 1 111 26 is_stmt 0 view .LVU49
 200 009a 0226     		movs	r6, #2
 201 009c 0696     		str	r6, [sp, #24]
 112:Src/stm32h7xx_hal_msp.c ****     GPIO_InitStruct.Speed = GPIO_SPEED_FREQ_LOW;
 202              		.loc 1 112 5 is_stmt 1 view .LVU50
 113:Src/stm32h7xx_hal_msp.c ****     GPIO_InitStruct.Alternate = GPIO_AF13_DCMI;
 203              		.loc 1 113 5 view .LVU51
 114:Src/stm32h7xx_hal_msp.c ****     HAL_GPIO_Init(GPIOE, &GPIO_InitStruct);
 204              		.loc 1 114 5 view .LVU52
 114:Src/stm32h7xx_hal_msp.c ****     HAL_GPIO_Init(GPIOE, &GPIO_InitStruct);
 205              		.loc 1 114 31 is_stmt 0 view .LVU53
 206 009e 0D25     		movs	r5, #13
 207 00a0 0995     		str	r5, [sp, #36]
 115:Src/stm32h7xx_hal_msp.c **** 
 208              		.loc 1 115 5 is_stmt 1 view .LVU54
 209 00a2 05A9     		add	r1, sp, #20
 210 00a4 1348     		ldr	r0, .L9+8
 211              	.LVL3:
 115:Src/stm32h7xx_hal_msp.c **** 
 212              		.loc 1 115 5 is_stmt 0 view .LVU55
 213 00a6 FFF7FEFF 		bl	HAL_GPIO_Init
 214              	.LVL4:
 117:Src/stm32h7xx_hal_msp.c ****     GPIO_InitStruct.Mode = GPIO_MODE_AF_PP;
 215              		.loc 1 117 5 is_stmt 1 view .LVU56
 117:Src/stm32h7xx_hal_msp.c ****     GPIO_InitStruct.Mode = GPIO_MODE_AF_PP;
 216              		.loc 1 117 25 is_stmt 0 view .LVU57
 217 00aa 4023     		movs	r3, #64
ARM GAS  C:\Users\theto\AppData\Local\Temp\ccIeMQlV.s 			page 8


 218 00ac 0593     		str	r3, [sp, #20]
 118:Src/stm32h7xx_hal_msp.c ****     GPIO_InitStruct.Pull = GPIO_NOPULL;
 219              		.loc 1 118 5 is_stmt 1 view .LVU58
 118:Src/stm32h7xx_hal_msp.c ****     GPIO_InitStruct.Pull = GPIO_NOPULL;
 220              		.loc 1 118 26 is_stmt 0 view .LVU59
 221 00ae 0696     		str	r6, [sp, #24]
 119:Src/stm32h7xx_hal_msp.c ****     GPIO_InitStruct.Speed = GPIO_SPEED_FREQ_LOW;
 222              		.loc 1 119 5 is_stmt 1 view .LVU60
 119:Src/stm32h7xx_hal_msp.c ****     GPIO_InitStruct.Speed = GPIO_SPEED_FREQ_LOW;
 223              		.loc 1 119 26 is_stmt 0 view .LVU61
 224 00b0 0024     		movs	r4, #0
 225 00b2 0794     		str	r4, [sp, #28]
 120:Src/stm32h7xx_hal_msp.c ****     GPIO_InitStruct.Alternate = GPIO_AF13_DCMI;
 226              		.loc 1 120 5 is_stmt 1 view .LVU62
 120:Src/stm32h7xx_hal_msp.c ****     GPIO_InitStruct.Alternate = GPIO_AF13_DCMI;
 227              		.loc 1 120 27 is_stmt 0 view .LVU63
 228 00b4 0894     		str	r4, [sp, #32]
 121:Src/stm32h7xx_hal_msp.c ****     HAL_GPIO_Init(GPIOA, &GPIO_InitStruct);
 229              		.loc 1 121 5 is_stmt 1 view .LVU64
 121:Src/stm32h7xx_hal_msp.c ****     HAL_GPIO_Init(GPIOA, &GPIO_InitStruct);
 230              		.loc 1 121 31 is_stmt 0 view .LVU65
 231 00b6 0995     		str	r5, [sp, #36]
 122:Src/stm32h7xx_hal_msp.c **** 
 232              		.loc 1 122 5 is_stmt 1 view .LVU66
 233 00b8 05A9     		add	r1, sp, #20
 234 00ba 0F48     		ldr	r0, .L9+12
 235 00bc FFF7FEFF 		bl	HAL_GPIO_Init
 236              	.LVL5:
 124:Src/stm32h7xx_hal_msp.c ****     GPIO_InitStruct.Mode = GPIO_MODE_AF_PP;
 237              		.loc 1 124 5 view .LVU67
 124:Src/stm32h7xx_hal_msp.c ****     GPIO_InitStruct.Mode = GPIO_MODE_AF_PP;
 238              		.loc 1 124 25 is_stmt 0 view .LVU68
 239 00c0 4FF47073 		mov	r3, #960
 240 00c4 0593     		str	r3, [sp, #20]
 125:Src/stm32h7xx_hal_msp.c ****     GPIO_InitStruct.Pull = GPIO_NOPULL;
 241              		.loc 1 125 5 is_stmt 1 view .LVU69
 125:Src/stm32h7xx_hal_msp.c ****     GPIO_InitStruct.Pull = GPIO_NOPULL;
 242              		.loc 1 125 26 is_stmt 0 view .LVU70
 243 00c6 0696     		str	r6, [sp, #24]
 126:Src/stm32h7xx_hal_msp.c ****     GPIO_InitStruct.Speed = GPIO_SPEED_FREQ_LOW;
 244              		.loc 1 126 5 is_stmt 1 view .LVU71
 126:Src/stm32h7xx_hal_msp.c ****     GPIO_InitStruct.Speed = GPIO_SPEED_FREQ_LOW;
 245              		.loc 1 126 26 is_stmt 0 view .LVU72
 246 00c8 0794     		str	r4, [sp, #28]
 127:Src/stm32h7xx_hal_msp.c ****     GPIO_InitStruct.Alternate = GPIO_AF13_DCMI;
 247              		.loc 1 127 5 is_stmt 1 view .LVU73
 127:Src/stm32h7xx_hal_msp.c ****     GPIO_InitStruct.Alternate = GPIO_AF13_DCMI;
 248              		.loc 1 127 27 is_stmt 0 view .LVU74
 249 00ca 0894     		str	r4, [sp, #32]
 128:Src/stm32h7xx_hal_msp.c ****     HAL_GPIO_Init(GPIOC, &GPIO_InitStruct);
 250              		.loc 1 128 5 is_stmt 1 view .LVU75
 128:Src/stm32h7xx_hal_msp.c ****     HAL_GPIO_Init(GPIOC, &GPIO_InitStruct);
 251              		.loc 1 128 31 is_stmt 0 view .LVU76
 252 00cc 0995     		str	r5, [sp, #36]
 129:Src/stm32h7xx_hal_msp.c **** 
 253              		.loc 1 129 5 is_stmt 1 view .LVU77
 254 00ce 05A9     		add	r1, sp, #20
ARM GAS  C:\Users\theto\AppData\Local\Temp\ccIeMQlV.s 			page 9


 255 00d0 0A48     		ldr	r0, .L9+16
 256 00d2 FFF7FEFF 		bl	HAL_GPIO_Init
 257              	.LVL6:
 131:Src/stm32h7xx_hal_msp.c ****     GPIO_InitStruct.Mode = GPIO_MODE_AF_PP;
 258              		.loc 1 131 5 view .LVU78
 131:Src/stm32h7xx_hal_msp.c ****     GPIO_InitStruct.Mode = GPIO_MODE_AF_PP;
 259              		.loc 1 131 25 is_stmt 0 view .LVU79
 260 00d6 0823     		movs	r3, #8
 261 00d8 0593     		str	r3, [sp, #20]
 132:Src/stm32h7xx_hal_msp.c ****     GPIO_InitStruct.Pull = GPIO_NOPULL;
 262              		.loc 1 132 5 is_stmt 1 view .LVU80
 132:Src/stm32h7xx_hal_msp.c ****     GPIO_InitStruct.Pull = GPIO_NOPULL;
 263              		.loc 1 132 26 is_stmt 0 view .LVU81
 264 00da 0696     		str	r6, [sp, #24]
 133:Src/stm32h7xx_hal_msp.c ****     GPIO_InitStruct.Speed = GPIO_SPEED_FREQ_LOW;
 265              		.loc 1 133 5 is_stmt 1 view .LVU82
 133:Src/stm32h7xx_hal_msp.c ****     GPIO_InitStruct.Speed = GPIO_SPEED_FREQ_LOW;
 266              		.loc 1 133 26 is_stmt 0 view .LVU83
 267 00dc 0794     		str	r4, [sp, #28]
 134:Src/stm32h7xx_hal_msp.c ****     GPIO_InitStruct.Alternate = GPIO_AF13_DCMI;
 268              		.loc 1 134 5 is_stmt 1 view .LVU84
 134:Src/stm32h7xx_hal_msp.c ****     GPIO_InitStruct.Alternate = GPIO_AF13_DCMI;
 269              		.loc 1 134 27 is_stmt 0 view .LVU85
 270 00de 0894     		str	r4, [sp, #32]
 135:Src/stm32h7xx_hal_msp.c ****     HAL_GPIO_Init(GPIOD, &GPIO_InitStruct);
 271              		.loc 1 135 5 is_stmt 1 view .LVU86
 135:Src/stm32h7xx_hal_msp.c ****     HAL_GPIO_Init(GPIOD, &GPIO_InitStruct);
 272              		.loc 1 135 31 is_stmt 0 view .LVU87
 273 00e0 0995     		str	r5, [sp, #36]
 136:Src/stm32h7xx_hal_msp.c **** 
 274              		.loc 1 136 5 is_stmt 1 view .LVU88
 275 00e2 05A9     		add	r1, sp, #20
 276 00e4 0648     		ldr	r0, .L9+20
 277 00e6 FFF7FEFF 		bl	HAL_GPIO_Init
 278              	.LVL7:
 279              		.loc 1 143 1 is_stmt 0 view .LVU89
 280 00ea 95E7     		b	.L5
 281              	.L10:
 282              		.align	2
 283              	.L9:
 284 00ec 00000248 		.word	1208090624
 285 00f0 00440258 		.word	1476543488
 286 00f4 00100258 		.word	1476530176
 287 00f8 00000258 		.word	1476526080
 288 00fc 00080258 		.word	1476528128
 289 0100 000C0258 		.word	1476529152
 290              		.cfi_endproc
 291              	.LFE145:
 293              		.section	.text.HAL_DCMI_MspDeInit,"ax",%progbits
 294              		.align	1
 295              		.global	HAL_DCMI_MspDeInit
 296              		.syntax unified
 297              		.thumb
 298              		.thumb_func
 300              	HAL_DCMI_MspDeInit:
 301              	.LVL8:
 302              	.LFB146:
ARM GAS  C:\Users\theto\AppData\Local\Temp\ccIeMQlV.s 			page 10


 144:Src/stm32h7xx_hal_msp.c **** 
 145:Src/stm32h7xx_hal_msp.c **** /**
 146:Src/stm32h7xx_hal_msp.c **** * @brief DCMI MSP De-Initialization
 147:Src/stm32h7xx_hal_msp.c **** * This function freeze the hardware resources used in this example
 148:Src/stm32h7xx_hal_msp.c **** * @param hdcmi: DCMI handle pointer
 149:Src/stm32h7xx_hal_msp.c **** * @retval None
 150:Src/stm32h7xx_hal_msp.c **** */
 151:Src/stm32h7xx_hal_msp.c **** void HAL_DCMI_MspDeInit(DCMI_HandleTypeDef* hdcmi)
 152:Src/stm32h7xx_hal_msp.c **** {
 303              		.loc 1 152 1 is_stmt 1 view -0
 304              		.cfi_startproc
 305              		@ args = 0, pretend = 0, frame = 0
 306              		@ frame_needed = 0, uses_anonymous_args = 0
 307              		.loc 1 152 1 is_stmt 0 view .LVU91
 308 0000 08B5     		push	{r3, lr}
 309              	.LCFI6:
 310              		.cfi_def_cfa_offset 8
 311              		.cfi_offset 3, -8
 312              		.cfi_offset 14, -4
 153:Src/stm32h7xx_hal_msp.c ****   if(hdcmi->Instance==DCMI)
 313              		.loc 1 153 3 is_stmt 1 view .LVU92
 314              		.loc 1 153 11 is_stmt 0 view .LVU93
 315 0002 0268     		ldr	r2, [r0]
 316              		.loc 1 153 5 view .LVU94
 317 0004 0E4B     		ldr	r3, .L15
 318 0006 9A42     		cmp	r2, r3
 319 0008 00D0     		beq	.L14
 320              	.LVL9:
 321              	.L11:
 154:Src/stm32h7xx_hal_msp.c ****   {
 155:Src/stm32h7xx_hal_msp.c ****   /* USER CODE BEGIN DCMI_MspDeInit 0 */
 156:Src/stm32h7xx_hal_msp.c **** 
 157:Src/stm32h7xx_hal_msp.c ****   /* USER CODE END DCMI_MspDeInit 0 */
 158:Src/stm32h7xx_hal_msp.c ****     /* Peripheral clock disable */
 159:Src/stm32h7xx_hal_msp.c ****     __HAL_RCC_DCMI_CLK_DISABLE();
 160:Src/stm32h7xx_hal_msp.c **** 
 161:Src/stm32h7xx_hal_msp.c ****     /**DCMI GPIO Configuration
 162:Src/stm32h7xx_hal_msp.c ****     PE4     ------> DCMI_D4
 163:Src/stm32h7xx_hal_msp.c ****     PE5     ------> DCMI_D6
 164:Src/stm32h7xx_hal_msp.c ****     PE6     ------> DCMI_D7
 165:Src/stm32h7xx_hal_msp.c ****     PA6     ------> DCMI_PIXCLK
 166:Src/stm32h7xx_hal_msp.c ****     PC6     ------> DCMI_D0
 167:Src/stm32h7xx_hal_msp.c ****     PC7     ------> DCMI_D1
 168:Src/stm32h7xx_hal_msp.c ****     PC8     ------> DCMI_D2
 169:Src/stm32h7xx_hal_msp.c ****     PC9     ------> DCMI_D3
 170:Src/stm32h7xx_hal_msp.c ****     PD3     ------> DCMI_D5
 171:Src/stm32h7xx_hal_msp.c ****     */
 172:Src/stm32h7xx_hal_msp.c ****     HAL_GPIO_DeInit(GPIOE, GPIO_PIN_4|GPIO_PIN_5|GPIO_PIN_6);
 173:Src/stm32h7xx_hal_msp.c **** 
 174:Src/stm32h7xx_hal_msp.c ****     HAL_GPIO_DeInit(GPIOA, GPIO_PIN_6);
 175:Src/stm32h7xx_hal_msp.c **** 
 176:Src/stm32h7xx_hal_msp.c ****     HAL_GPIO_DeInit(GPIOC, GPIO_PIN_6|GPIO_PIN_7|GPIO_PIN_8|GPIO_PIN_9);
 177:Src/stm32h7xx_hal_msp.c **** 
 178:Src/stm32h7xx_hal_msp.c ****     HAL_GPIO_DeInit(GPIOD, GPIO_PIN_3);
 179:Src/stm32h7xx_hal_msp.c **** 
 180:Src/stm32h7xx_hal_msp.c ****   /* USER CODE BEGIN DCMI_MspDeInit 1 */
 181:Src/stm32h7xx_hal_msp.c **** 
ARM GAS  C:\Users\theto\AppData\Local\Temp\ccIeMQlV.s 			page 11


 182:Src/stm32h7xx_hal_msp.c ****   /* USER CODE END DCMI_MspDeInit 1 */
 183:Src/stm32h7xx_hal_msp.c ****   }
 184:Src/stm32h7xx_hal_msp.c **** 
 185:Src/stm32h7xx_hal_msp.c **** }
 322              		.loc 1 185 1 view .LVU95
 323 000a 08BD     		pop	{r3, pc}
 324              	.LVL10:
 325              	.L14:
 159:Src/stm32h7xx_hal_msp.c **** 
 326              		.loc 1 159 5 is_stmt 1 view .LVU96
 327 000c 0D4A     		ldr	r2, .L15+4
 328 000e D2F8DC30 		ldr	r3, [r2, #220]
 329 0012 23F00103 		bic	r3, r3, #1
 330 0016 C2F8DC30 		str	r3, [r2, #220]
 172:Src/stm32h7xx_hal_msp.c **** 
 331              		.loc 1 172 5 view .LVU97
 332 001a 7021     		movs	r1, #112
 333 001c 0A48     		ldr	r0, .L15+8
 334              	.LVL11:
 172:Src/stm32h7xx_hal_msp.c **** 
 335              		.loc 1 172 5 is_stmt 0 view .LVU98
 336 001e FFF7FEFF 		bl	HAL_GPIO_DeInit
 337              	.LVL12:
 174:Src/stm32h7xx_hal_msp.c **** 
 338              		.loc 1 174 5 is_stmt 1 view .LVU99
 339 0022 4021     		movs	r1, #64
 340 0024 0948     		ldr	r0, .L15+12
 341 0026 FFF7FEFF 		bl	HAL_GPIO_DeInit
 342              	.LVL13:
 176:Src/stm32h7xx_hal_msp.c **** 
 343              		.loc 1 176 5 view .LVU100
 344 002a 4FF47071 		mov	r1, #960
 345 002e 0848     		ldr	r0, .L15+16
 346 0030 FFF7FEFF 		bl	HAL_GPIO_DeInit
 347              	.LVL14:
 178:Src/stm32h7xx_hal_msp.c **** 
 348              		.loc 1 178 5 view .LVU101
 349 0034 0821     		movs	r1, #8
 350 0036 0748     		ldr	r0, .L15+20
 351 0038 FFF7FEFF 		bl	HAL_GPIO_DeInit
 352              	.LVL15:
 353              		.loc 1 185 1 is_stmt 0 view .LVU102
 354 003c E5E7     		b	.L11
 355              	.L16:
 356 003e 00BF     		.align	2
 357              	.L15:
 358 0040 00000248 		.word	1208090624
 359 0044 00440258 		.word	1476543488
 360 0048 00100258 		.word	1476530176
 361 004c 00000258 		.word	1476526080
 362 0050 00080258 		.word	1476528128
 363 0054 000C0258 		.word	1476529152
 364              		.cfi_endproc
 365              	.LFE146:
 367              		.section	.text.HAL_ETH_MspInit,"ax",%progbits
 368              		.align	1
 369              		.global	HAL_ETH_MspInit
ARM GAS  C:\Users\theto\AppData\Local\Temp\ccIeMQlV.s 			page 12


 370              		.syntax unified
 371              		.thumb
 372              		.thumb_func
 374              	HAL_ETH_MspInit:
 375              	.LVL16:
 376              	.LFB147:
 186:Src/stm32h7xx_hal_msp.c **** 
 187:Src/stm32h7xx_hal_msp.c **** /**
 188:Src/stm32h7xx_hal_msp.c **** * @brief ETH MSP Initialization
 189:Src/stm32h7xx_hal_msp.c **** * This function configures the hardware resources used in this example
 190:Src/stm32h7xx_hal_msp.c **** * @param heth: ETH handle pointer
 191:Src/stm32h7xx_hal_msp.c **** * @retval None
 192:Src/stm32h7xx_hal_msp.c **** */
 193:Src/stm32h7xx_hal_msp.c **** void HAL_ETH_MspInit(ETH_HandleTypeDef* heth)
 194:Src/stm32h7xx_hal_msp.c **** {
 377              		.loc 1 194 1 is_stmt 1 view -0
 378              		.cfi_startproc
 379              		@ args = 0, pretend = 0, frame = 48
 380              		@ frame_needed = 0, uses_anonymous_args = 0
 381              		.loc 1 194 1 is_stmt 0 view .LVU104
 382 0000 70B5     		push	{r4, r5, r6, lr}
 383              	.LCFI7:
 384              		.cfi_def_cfa_offset 16
 385              		.cfi_offset 4, -16
 386              		.cfi_offset 5, -12
 387              		.cfi_offset 6, -8
 388              		.cfi_offset 14, -4
 389 0002 8CB0     		sub	sp, sp, #48
 390              	.LCFI8:
 391              		.cfi_def_cfa_offset 64
 195:Src/stm32h7xx_hal_msp.c ****   GPIO_InitTypeDef GPIO_InitStruct = {0};
 392              		.loc 1 195 3 is_stmt 1 view .LVU105
 393              		.loc 1 195 20 is_stmt 0 view .LVU106
 394 0004 0023     		movs	r3, #0
 395 0006 0793     		str	r3, [sp, #28]
 396 0008 0893     		str	r3, [sp, #32]
 397 000a 0993     		str	r3, [sp, #36]
 398 000c 0A93     		str	r3, [sp, #40]
 399 000e 0B93     		str	r3, [sp, #44]
 196:Src/stm32h7xx_hal_msp.c ****   if(heth->Instance==ETH)
 400              		.loc 1 196 3 is_stmt 1 view .LVU107
 401              		.loc 1 196 10 is_stmt 0 view .LVU108
 402 0010 0268     		ldr	r2, [r0]
 403              		.loc 1 196 5 view .LVU109
 404 0012 434B     		ldr	r3, .L21
 405 0014 9A42     		cmp	r2, r3
 406 0016 01D0     		beq	.L20
 407              	.LVL17:
 408              	.L17:
 197:Src/stm32h7xx_hal_msp.c ****   {
 198:Src/stm32h7xx_hal_msp.c ****   /* USER CODE BEGIN ETH_MspInit 0 */
 199:Src/stm32h7xx_hal_msp.c **** 
 200:Src/stm32h7xx_hal_msp.c ****   /* USER CODE END ETH_MspInit 0 */
 201:Src/stm32h7xx_hal_msp.c ****     /* Peripheral clock enable */
 202:Src/stm32h7xx_hal_msp.c ****     __HAL_RCC_ETH1MAC_CLK_ENABLE();
 203:Src/stm32h7xx_hal_msp.c ****     __HAL_RCC_ETH1TX_CLK_ENABLE();
 204:Src/stm32h7xx_hal_msp.c ****     __HAL_RCC_ETH1RX_CLK_ENABLE();
ARM GAS  C:\Users\theto\AppData\Local\Temp\ccIeMQlV.s 			page 13


 205:Src/stm32h7xx_hal_msp.c **** 
 206:Src/stm32h7xx_hal_msp.c ****     __HAL_RCC_GPIOC_CLK_ENABLE();
 207:Src/stm32h7xx_hal_msp.c ****     __HAL_RCC_GPIOA_CLK_ENABLE();
 208:Src/stm32h7xx_hal_msp.c ****     __HAL_RCC_GPIOB_CLK_ENABLE();
 209:Src/stm32h7xx_hal_msp.c ****     __HAL_RCC_GPIOG_CLK_ENABLE();
 210:Src/stm32h7xx_hal_msp.c ****     /**ETH GPIO Configuration
 211:Src/stm32h7xx_hal_msp.c ****     PC1     ------> ETH_MDC
 212:Src/stm32h7xx_hal_msp.c ****     PA1     ------> ETH_REF_CLK
 213:Src/stm32h7xx_hal_msp.c ****     PA2     ------> ETH_MDIO
 214:Src/stm32h7xx_hal_msp.c ****     PA7     ------> ETH_CRS_DV
 215:Src/stm32h7xx_hal_msp.c ****     PC4     ------> ETH_RXD0
 216:Src/stm32h7xx_hal_msp.c ****     PC5     ------> ETH_RXD1
 217:Src/stm32h7xx_hal_msp.c ****     PB13     ------> ETH_TXD1
 218:Src/stm32h7xx_hal_msp.c ****     PG11     ------> ETH_TX_EN
 219:Src/stm32h7xx_hal_msp.c ****     PG13     ------> ETH_TXD0
 220:Src/stm32h7xx_hal_msp.c ****     */
 221:Src/stm32h7xx_hal_msp.c ****     GPIO_InitStruct.Pin = GPIO_PIN_1|GPIO_PIN_4|GPIO_PIN_5;
 222:Src/stm32h7xx_hal_msp.c ****     GPIO_InitStruct.Mode = GPIO_MODE_AF_PP;
 223:Src/stm32h7xx_hal_msp.c ****     GPIO_InitStruct.Pull = GPIO_NOPULL;
 224:Src/stm32h7xx_hal_msp.c ****     GPIO_InitStruct.Speed = GPIO_SPEED_FREQ_LOW;
 225:Src/stm32h7xx_hal_msp.c ****     GPIO_InitStruct.Alternate = GPIO_AF11_ETH;
 226:Src/stm32h7xx_hal_msp.c ****     HAL_GPIO_Init(GPIOC, &GPIO_InitStruct);
 227:Src/stm32h7xx_hal_msp.c **** 
 228:Src/stm32h7xx_hal_msp.c ****     GPIO_InitStruct.Pin = GPIO_PIN_1|GPIO_PIN_2|GPIO_PIN_7;
 229:Src/stm32h7xx_hal_msp.c ****     GPIO_InitStruct.Mode = GPIO_MODE_AF_PP;
 230:Src/stm32h7xx_hal_msp.c ****     GPIO_InitStruct.Pull = GPIO_NOPULL;
 231:Src/stm32h7xx_hal_msp.c ****     GPIO_InitStruct.Speed = GPIO_SPEED_FREQ_LOW;
 232:Src/stm32h7xx_hal_msp.c ****     GPIO_InitStruct.Alternate = GPIO_AF11_ETH;
 233:Src/stm32h7xx_hal_msp.c ****     HAL_GPIO_Init(GPIOA, &GPIO_InitStruct);
 234:Src/stm32h7xx_hal_msp.c **** 
 235:Src/stm32h7xx_hal_msp.c ****     GPIO_InitStruct.Pin = GPIO_PIN_13;
 236:Src/stm32h7xx_hal_msp.c ****     GPIO_InitStruct.Mode = GPIO_MODE_AF_PP;
 237:Src/stm32h7xx_hal_msp.c ****     GPIO_InitStruct.Pull = GPIO_NOPULL;
 238:Src/stm32h7xx_hal_msp.c ****     GPIO_InitStruct.Speed = GPIO_SPEED_FREQ_LOW;
 239:Src/stm32h7xx_hal_msp.c ****     GPIO_InitStruct.Alternate = GPIO_AF11_ETH;
 240:Src/stm32h7xx_hal_msp.c ****     HAL_GPIO_Init(GPIOB, &GPIO_InitStruct);
 241:Src/stm32h7xx_hal_msp.c **** 
 242:Src/stm32h7xx_hal_msp.c ****     GPIO_InitStruct.Pin = GPIO_PIN_11|GPIO_PIN_13;
 243:Src/stm32h7xx_hal_msp.c ****     GPIO_InitStruct.Mode = GPIO_MODE_AF_PP;
 244:Src/stm32h7xx_hal_msp.c ****     GPIO_InitStruct.Pull = GPIO_NOPULL;
 245:Src/stm32h7xx_hal_msp.c ****     GPIO_InitStruct.Speed = GPIO_SPEED_FREQ_LOW;
 246:Src/stm32h7xx_hal_msp.c ****     GPIO_InitStruct.Alternate = GPIO_AF11_ETH;
 247:Src/stm32h7xx_hal_msp.c ****     HAL_GPIO_Init(GPIOG, &GPIO_InitStruct);
 248:Src/stm32h7xx_hal_msp.c **** 
 249:Src/stm32h7xx_hal_msp.c ****   /* USER CODE BEGIN ETH_MspInit 1 */
 250:Src/stm32h7xx_hal_msp.c **** 
 251:Src/stm32h7xx_hal_msp.c ****   /* USER CODE END ETH_MspInit 1 */
 252:Src/stm32h7xx_hal_msp.c ****   }
 253:Src/stm32h7xx_hal_msp.c **** 
 254:Src/stm32h7xx_hal_msp.c **** }
 409              		.loc 1 254 1 view .LVU110
 410 0018 0CB0     		add	sp, sp, #48
 411              	.LCFI9:
 412              		.cfi_remember_state
 413              		.cfi_def_cfa_offset 16
 414              		@ sp needed
 415 001a 70BD     		pop	{r4, r5, r6, pc}
ARM GAS  C:\Users\theto\AppData\Local\Temp\ccIeMQlV.s 			page 14


 416              	.LVL18:
 417              	.L20:
 418              	.LCFI10:
 419              		.cfi_restore_state
 202:Src/stm32h7xx_hal_msp.c ****     __HAL_RCC_ETH1TX_CLK_ENABLE();
 420              		.loc 1 202 5 is_stmt 1 view .LVU111
 421              	.LBB8:
 202:Src/stm32h7xx_hal_msp.c ****     __HAL_RCC_ETH1TX_CLK_ENABLE();
 422              		.loc 1 202 5 view .LVU112
 202:Src/stm32h7xx_hal_msp.c ****     __HAL_RCC_ETH1TX_CLK_ENABLE();
 423              		.loc 1 202 5 view .LVU113
 424 001c 414B     		ldr	r3, .L21+4
 425 001e D3F8D820 		ldr	r2, [r3, #216]
 426 0022 42F40042 		orr	r2, r2, #32768
 427 0026 C3F8D820 		str	r2, [r3, #216]
 202:Src/stm32h7xx_hal_msp.c ****     __HAL_RCC_ETH1TX_CLK_ENABLE();
 428              		.loc 1 202 5 view .LVU114
 429 002a D3F8D820 		ldr	r2, [r3, #216]
 430 002e 02F40042 		and	r2, r2, #32768
 431 0032 0092     		str	r2, [sp]
 202:Src/stm32h7xx_hal_msp.c ****     __HAL_RCC_ETH1TX_CLK_ENABLE();
 432              		.loc 1 202 5 view .LVU115
 433 0034 009A     		ldr	r2, [sp]
 434              	.LBE8:
 202:Src/stm32h7xx_hal_msp.c ****     __HAL_RCC_ETH1TX_CLK_ENABLE();
 435              		.loc 1 202 5 view .LVU116
 203:Src/stm32h7xx_hal_msp.c ****     __HAL_RCC_ETH1RX_CLK_ENABLE();
 436              		.loc 1 203 5 view .LVU117
 437              	.LBB9:
 203:Src/stm32h7xx_hal_msp.c ****     __HAL_RCC_ETH1RX_CLK_ENABLE();
 438              		.loc 1 203 5 view .LVU118
 203:Src/stm32h7xx_hal_msp.c ****     __HAL_RCC_ETH1RX_CLK_ENABLE();
 439              		.loc 1 203 5 view .LVU119
 440 0036 D3F8D820 		ldr	r2, [r3, #216]
 441 003a 42F48032 		orr	r2, r2, #65536
 442 003e C3F8D820 		str	r2, [r3, #216]
 203:Src/stm32h7xx_hal_msp.c ****     __HAL_RCC_ETH1RX_CLK_ENABLE();
 443              		.loc 1 203 5 view .LVU120
 444 0042 D3F8D820 		ldr	r2, [r3, #216]
 445 0046 02F48032 		and	r2, r2, #65536
 446 004a 0192     		str	r2, [sp, #4]
 203:Src/stm32h7xx_hal_msp.c ****     __HAL_RCC_ETH1RX_CLK_ENABLE();
 447              		.loc 1 203 5 view .LVU121
 448 004c 019A     		ldr	r2, [sp, #4]
 449              	.LBE9:
 203:Src/stm32h7xx_hal_msp.c ****     __HAL_RCC_ETH1RX_CLK_ENABLE();
 450              		.loc 1 203 5 view .LVU122
 204:Src/stm32h7xx_hal_msp.c **** 
 451              		.loc 1 204 5 view .LVU123
 452              	.LBB10:
 204:Src/stm32h7xx_hal_msp.c **** 
 453              		.loc 1 204 5 view .LVU124
 204:Src/stm32h7xx_hal_msp.c **** 
 454              		.loc 1 204 5 view .LVU125
 455 004e D3F8D820 		ldr	r2, [r3, #216]
 456 0052 42F40032 		orr	r2, r2, #131072
 457 0056 C3F8D820 		str	r2, [r3, #216]
ARM GAS  C:\Users\theto\AppData\Local\Temp\ccIeMQlV.s 			page 15


 204:Src/stm32h7xx_hal_msp.c **** 
 458              		.loc 1 204 5 view .LVU126
 459 005a D3F8D820 		ldr	r2, [r3, #216]
 460 005e 02F40032 		and	r2, r2, #131072
 461 0062 0292     		str	r2, [sp, #8]
 204:Src/stm32h7xx_hal_msp.c **** 
 462              		.loc 1 204 5 view .LVU127
 463 0064 029A     		ldr	r2, [sp, #8]
 464              	.LBE10:
 204:Src/stm32h7xx_hal_msp.c **** 
 465              		.loc 1 204 5 view .LVU128
 206:Src/stm32h7xx_hal_msp.c ****     __HAL_RCC_GPIOA_CLK_ENABLE();
 466              		.loc 1 206 5 view .LVU129
 467              	.LBB11:
 206:Src/stm32h7xx_hal_msp.c ****     __HAL_RCC_GPIOA_CLK_ENABLE();
 468              		.loc 1 206 5 view .LVU130
 206:Src/stm32h7xx_hal_msp.c ****     __HAL_RCC_GPIOA_CLK_ENABLE();
 469              		.loc 1 206 5 view .LVU131
 470 0066 D3F8E020 		ldr	r2, [r3, #224]
 471 006a 42F00402 		orr	r2, r2, #4
 472 006e C3F8E020 		str	r2, [r3, #224]
 206:Src/stm32h7xx_hal_msp.c ****     __HAL_RCC_GPIOA_CLK_ENABLE();
 473              		.loc 1 206 5 view .LVU132
 474 0072 D3F8E020 		ldr	r2, [r3, #224]
 475 0076 02F00402 		and	r2, r2, #4
 476 007a 0392     		str	r2, [sp, #12]
 206:Src/stm32h7xx_hal_msp.c ****     __HAL_RCC_GPIOA_CLK_ENABLE();
 477              		.loc 1 206 5 view .LVU133
 478 007c 039A     		ldr	r2, [sp, #12]
 479              	.LBE11:
 206:Src/stm32h7xx_hal_msp.c ****     __HAL_RCC_GPIOA_CLK_ENABLE();
 480              		.loc 1 206 5 view .LVU134
 207:Src/stm32h7xx_hal_msp.c ****     __HAL_RCC_GPIOB_CLK_ENABLE();
 481              		.loc 1 207 5 view .LVU135
 482              	.LBB12:
 207:Src/stm32h7xx_hal_msp.c ****     __HAL_RCC_GPIOB_CLK_ENABLE();
 483              		.loc 1 207 5 view .LVU136
 207:Src/stm32h7xx_hal_msp.c ****     __HAL_RCC_GPIOB_CLK_ENABLE();
 484              		.loc 1 207 5 view .LVU137
 485 007e D3F8E020 		ldr	r2, [r3, #224]
 486 0082 42F00102 		orr	r2, r2, #1
 487 0086 C3F8E020 		str	r2, [r3, #224]
 207:Src/stm32h7xx_hal_msp.c ****     __HAL_RCC_GPIOB_CLK_ENABLE();
 488              		.loc 1 207 5 view .LVU138
 489 008a D3F8E020 		ldr	r2, [r3, #224]
 490 008e 02F00102 		and	r2, r2, #1
 491 0092 0492     		str	r2, [sp, #16]
 207:Src/stm32h7xx_hal_msp.c ****     __HAL_RCC_GPIOB_CLK_ENABLE();
 492              		.loc 1 207 5 view .LVU139
 493 0094 049A     		ldr	r2, [sp, #16]
 494              	.LBE12:
 207:Src/stm32h7xx_hal_msp.c ****     __HAL_RCC_GPIOB_CLK_ENABLE();
 495              		.loc 1 207 5 view .LVU140
 208:Src/stm32h7xx_hal_msp.c ****     __HAL_RCC_GPIOG_CLK_ENABLE();
 496              		.loc 1 208 5 view .LVU141
 497              	.LBB13:
 208:Src/stm32h7xx_hal_msp.c ****     __HAL_RCC_GPIOG_CLK_ENABLE();
ARM GAS  C:\Users\theto\AppData\Local\Temp\ccIeMQlV.s 			page 16


 498              		.loc 1 208 5 view .LVU142
 208:Src/stm32h7xx_hal_msp.c ****     __HAL_RCC_GPIOG_CLK_ENABLE();
 499              		.loc 1 208 5 view .LVU143
 500 0096 D3F8E020 		ldr	r2, [r3, #224]
 501 009a 42F00202 		orr	r2, r2, #2
 502 009e C3F8E020 		str	r2, [r3, #224]
 208:Src/stm32h7xx_hal_msp.c ****     __HAL_RCC_GPIOG_CLK_ENABLE();
 503              		.loc 1 208 5 view .LVU144
 504 00a2 D3F8E020 		ldr	r2, [r3, #224]
 505 00a6 02F00202 		and	r2, r2, #2
 506 00aa 0592     		str	r2, [sp, #20]
 208:Src/stm32h7xx_hal_msp.c ****     __HAL_RCC_GPIOG_CLK_ENABLE();
 507              		.loc 1 208 5 view .LVU145
 508 00ac 059A     		ldr	r2, [sp, #20]
 509              	.LBE13:
 208:Src/stm32h7xx_hal_msp.c ****     __HAL_RCC_GPIOG_CLK_ENABLE();
 510              		.loc 1 208 5 view .LVU146
 209:Src/stm32h7xx_hal_msp.c ****     /**ETH GPIO Configuration
 511              		.loc 1 209 5 view .LVU147
 512              	.LBB14:
 209:Src/stm32h7xx_hal_msp.c ****     /**ETH GPIO Configuration
 513              		.loc 1 209 5 view .LVU148
 209:Src/stm32h7xx_hal_msp.c ****     /**ETH GPIO Configuration
 514              		.loc 1 209 5 view .LVU149
 515 00ae D3F8E020 		ldr	r2, [r3, #224]
 516 00b2 42F04002 		orr	r2, r2, #64
 517 00b6 C3F8E020 		str	r2, [r3, #224]
 209:Src/stm32h7xx_hal_msp.c ****     /**ETH GPIO Configuration
 518              		.loc 1 209 5 view .LVU150
 519 00ba D3F8E030 		ldr	r3, [r3, #224]
 520 00be 03F04003 		and	r3, r3, #64
 521 00c2 0693     		str	r3, [sp, #24]
 209:Src/stm32h7xx_hal_msp.c ****     /**ETH GPIO Configuration
 522              		.loc 1 209 5 view .LVU151
 523 00c4 069B     		ldr	r3, [sp, #24]
 524              	.LBE14:
 209:Src/stm32h7xx_hal_msp.c ****     /**ETH GPIO Configuration
 525              		.loc 1 209 5 view .LVU152
 221:Src/stm32h7xx_hal_msp.c ****     GPIO_InitStruct.Mode = GPIO_MODE_AF_PP;
 526              		.loc 1 221 5 view .LVU153
 221:Src/stm32h7xx_hal_msp.c ****     GPIO_InitStruct.Mode = GPIO_MODE_AF_PP;
 527              		.loc 1 221 25 is_stmt 0 view .LVU154
 528 00c6 3223     		movs	r3, #50
 529 00c8 0793     		str	r3, [sp, #28]
 222:Src/stm32h7xx_hal_msp.c ****     GPIO_InitStruct.Pull = GPIO_NOPULL;
 530              		.loc 1 222 5 is_stmt 1 view .LVU155
 222:Src/stm32h7xx_hal_msp.c ****     GPIO_InitStruct.Pull = GPIO_NOPULL;
 531              		.loc 1 222 26 is_stmt 0 view .LVU156
 532 00ca 0226     		movs	r6, #2
 533 00cc 0896     		str	r6, [sp, #32]
 223:Src/stm32h7xx_hal_msp.c ****     GPIO_InitStruct.Speed = GPIO_SPEED_FREQ_LOW;
 534              		.loc 1 223 5 is_stmt 1 view .LVU157
 224:Src/stm32h7xx_hal_msp.c ****     GPIO_InitStruct.Alternate = GPIO_AF11_ETH;
 535              		.loc 1 224 5 view .LVU158
 225:Src/stm32h7xx_hal_msp.c ****     HAL_GPIO_Init(GPIOC, &GPIO_InitStruct);
 536              		.loc 1 225 5 view .LVU159
 225:Src/stm32h7xx_hal_msp.c ****     HAL_GPIO_Init(GPIOC, &GPIO_InitStruct);
ARM GAS  C:\Users\theto\AppData\Local\Temp\ccIeMQlV.s 			page 17


 537              		.loc 1 225 31 is_stmt 0 view .LVU160
 538 00ce 0B25     		movs	r5, #11
 539 00d0 0B95     		str	r5, [sp, #44]
 226:Src/stm32h7xx_hal_msp.c **** 
 540              		.loc 1 226 5 is_stmt 1 view .LVU161
 541 00d2 07A9     		add	r1, sp, #28
 542 00d4 1448     		ldr	r0, .L21+8
 543              	.LVL19:
 226:Src/stm32h7xx_hal_msp.c **** 
 544              		.loc 1 226 5 is_stmt 0 view .LVU162
 545 00d6 FFF7FEFF 		bl	HAL_GPIO_Init
 546              	.LVL20:
 228:Src/stm32h7xx_hal_msp.c ****     GPIO_InitStruct.Mode = GPIO_MODE_AF_PP;
 547              		.loc 1 228 5 is_stmt 1 view .LVU163
 228:Src/stm32h7xx_hal_msp.c ****     GPIO_InitStruct.Mode = GPIO_MODE_AF_PP;
 548              		.loc 1 228 25 is_stmt 0 view .LVU164
 549 00da 8623     		movs	r3, #134
 550 00dc 0793     		str	r3, [sp, #28]
 229:Src/stm32h7xx_hal_msp.c ****     GPIO_InitStruct.Pull = GPIO_NOPULL;
 551              		.loc 1 229 5 is_stmt 1 view .LVU165
 229:Src/stm32h7xx_hal_msp.c ****     GPIO_InitStruct.Pull = GPIO_NOPULL;
 552              		.loc 1 229 26 is_stmt 0 view .LVU166
 553 00de 0896     		str	r6, [sp, #32]
 230:Src/stm32h7xx_hal_msp.c ****     GPIO_InitStruct.Speed = GPIO_SPEED_FREQ_LOW;
 554              		.loc 1 230 5 is_stmt 1 view .LVU167
 230:Src/stm32h7xx_hal_msp.c ****     GPIO_InitStruct.Speed = GPIO_SPEED_FREQ_LOW;
 555              		.loc 1 230 26 is_stmt 0 view .LVU168
 556 00e0 0024     		movs	r4, #0
 557 00e2 0994     		str	r4, [sp, #36]
 231:Src/stm32h7xx_hal_msp.c ****     GPIO_InitStruct.Alternate = GPIO_AF11_ETH;
 558              		.loc 1 231 5 is_stmt 1 view .LVU169
 231:Src/stm32h7xx_hal_msp.c ****     GPIO_InitStruct.Alternate = GPIO_AF11_ETH;
 559              		.loc 1 231 27 is_stmt 0 view .LVU170
 560 00e4 0A94     		str	r4, [sp, #40]
 232:Src/stm32h7xx_hal_msp.c ****     HAL_GPIO_Init(GPIOA, &GPIO_InitStruct);
 561              		.loc 1 232 5 is_stmt 1 view .LVU171
 232:Src/stm32h7xx_hal_msp.c ****     HAL_GPIO_Init(GPIOA, &GPIO_InitStruct);
 562              		.loc 1 232 31 is_stmt 0 view .LVU172
 563 00e6 0B95     		str	r5, [sp, #44]
 233:Src/stm32h7xx_hal_msp.c **** 
 564              		.loc 1 233 5 is_stmt 1 view .LVU173
 565 00e8 07A9     		add	r1, sp, #28
 566 00ea 1048     		ldr	r0, .L21+12
 567 00ec FFF7FEFF 		bl	HAL_GPIO_Init
 568              	.LVL21:
 235:Src/stm32h7xx_hal_msp.c ****     GPIO_InitStruct.Mode = GPIO_MODE_AF_PP;
 569              		.loc 1 235 5 view .LVU174
 235:Src/stm32h7xx_hal_msp.c ****     GPIO_InitStruct.Mode = GPIO_MODE_AF_PP;
 570              		.loc 1 235 25 is_stmt 0 view .LVU175
 571 00f0 4FF40053 		mov	r3, #8192
 572 00f4 0793     		str	r3, [sp, #28]
 236:Src/stm32h7xx_hal_msp.c ****     GPIO_InitStruct.Pull = GPIO_NOPULL;
 573              		.loc 1 236 5 is_stmt 1 view .LVU176
 236:Src/stm32h7xx_hal_msp.c ****     GPIO_InitStruct.Pull = GPIO_NOPULL;
 574              		.loc 1 236 26 is_stmt 0 view .LVU177
 575 00f6 0896     		str	r6, [sp, #32]
 237:Src/stm32h7xx_hal_msp.c ****     GPIO_InitStruct.Speed = GPIO_SPEED_FREQ_LOW;
ARM GAS  C:\Users\theto\AppData\Local\Temp\ccIeMQlV.s 			page 18


 576              		.loc 1 237 5 is_stmt 1 view .LVU178
 237:Src/stm32h7xx_hal_msp.c ****     GPIO_InitStruct.Speed = GPIO_SPEED_FREQ_LOW;
 577              		.loc 1 237 26 is_stmt 0 view .LVU179
 578 00f8 0994     		str	r4, [sp, #36]
 238:Src/stm32h7xx_hal_msp.c ****     GPIO_InitStruct.Alternate = GPIO_AF11_ETH;
 579              		.loc 1 238 5 is_stmt 1 view .LVU180
 238:Src/stm32h7xx_hal_msp.c ****     GPIO_InitStruct.Alternate = GPIO_AF11_ETH;
 580              		.loc 1 238 27 is_stmt 0 view .LVU181
 581 00fa 0A94     		str	r4, [sp, #40]
 239:Src/stm32h7xx_hal_msp.c ****     HAL_GPIO_Init(GPIOB, &GPIO_InitStruct);
 582              		.loc 1 239 5 is_stmt 1 view .LVU182
 239:Src/stm32h7xx_hal_msp.c ****     HAL_GPIO_Init(GPIOB, &GPIO_InitStruct);
 583              		.loc 1 239 31 is_stmt 0 view .LVU183
 584 00fc 0B95     		str	r5, [sp, #44]
 240:Src/stm32h7xx_hal_msp.c **** 
 585              		.loc 1 240 5 is_stmt 1 view .LVU184
 586 00fe 07A9     		add	r1, sp, #28
 587 0100 0B48     		ldr	r0, .L21+16
 588 0102 FFF7FEFF 		bl	HAL_GPIO_Init
 589              	.LVL22:
 242:Src/stm32h7xx_hal_msp.c ****     GPIO_InitStruct.Mode = GPIO_MODE_AF_PP;
 590              		.loc 1 242 5 view .LVU185
 242:Src/stm32h7xx_hal_msp.c ****     GPIO_InitStruct.Mode = GPIO_MODE_AF_PP;
 591              		.loc 1 242 25 is_stmt 0 view .LVU186
 592 0106 4FF42053 		mov	r3, #10240
 593 010a 0793     		str	r3, [sp, #28]
 243:Src/stm32h7xx_hal_msp.c ****     GPIO_InitStruct.Pull = GPIO_NOPULL;
 594              		.loc 1 243 5 is_stmt 1 view .LVU187
 243:Src/stm32h7xx_hal_msp.c ****     GPIO_InitStruct.Pull = GPIO_NOPULL;
 595              		.loc 1 243 26 is_stmt 0 view .LVU188
 596 010c 0896     		str	r6, [sp, #32]
 244:Src/stm32h7xx_hal_msp.c ****     GPIO_InitStruct.Speed = GPIO_SPEED_FREQ_LOW;
 597              		.loc 1 244 5 is_stmt 1 view .LVU189
 244:Src/stm32h7xx_hal_msp.c ****     GPIO_InitStruct.Speed = GPIO_SPEED_FREQ_LOW;
 598              		.loc 1 244 26 is_stmt 0 view .LVU190
 599 010e 0994     		str	r4, [sp, #36]
 245:Src/stm32h7xx_hal_msp.c ****     GPIO_InitStruct.Alternate = GPIO_AF11_ETH;
 600              		.loc 1 245 5 is_stmt 1 view .LVU191
 245:Src/stm32h7xx_hal_msp.c ****     GPIO_InitStruct.Alternate = GPIO_AF11_ETH;
 601              		.loc 1 245 27 is_stmt 0 view .LVU192
 602 0110 0A94     		str	r4, [sp, #40]
 246:Src/stm32h7xx_hal_msp.c ****     HAL_GPIO_Init(GPIOG, &GPIO_InitStruct);
 603              		.loc 1 246 5 is_stmt 1 view .LVU193
 246:Src/stm32h7xx_hal_msp.c ****     HAL_GPIO_Init(GPIOG, &GPIO_InitStruct);
 604              		.loc 1 246 31 is_stmt 0 view .LVU194
 605 0112 0B95     		str	r5, [sp, #44]
 247:Src/stm32h7xx_hal_msp.c **** 
 606              		.loc 1 247 5 is_stmt 1 view .LVU195
 607 0114 07A9     		add	r1, sp, #28
 608 0116 0748     		ldr	r0, .L21+20
 609 0118 FFF7FEFF 		bl	HAL_GPIO_Init
 610              	.LVL23:
 611              		.loc 1 254 1 is_stmt 0 view .LVU196
 612 011c 7CE7     		b	.L17
 613              	.L22:
 614 011e 00BF     		.align	2
 615              	.L21:
ARM GAS  C:\Users\theto\AppData\Local\Temp\ccIeMQlV.s 			page 19


 616 0120 00800240 		.word	1073905664
 617 0124 00440258 		.word	1476543488
 618 0128 00080258 		.word	1476528128
 619 012c 00000258 		.word	1476526080
 620 0130 00040258 		.word	1476527104
 621 0134 00180258 		.word	1476532224
 622              		.cfi_endproc
 623              	.LFE147:
 625              		.section	.text.HAL_ETH_MspDeInit,"ax",%progbits
 626              		.align	1
 627              		.global	HAL_ETH_MspDeInit
 628              		.syntax unified
 629              		.thumb
 630              		.thumb_func
 632              	HAL_ETH_MspDeInit:
 633              	.LVL24:
 634              	.LFB148:
 255:Src/stm32h7xx_hal_msp.c **** 
 256:Src/stm32h7xx_hal_msp.c **** /**
 257:Src/stm32h7xx_hal_msp.c **** * @brief ETH MSP De-Initialization
 258:Src/stm32h7xx_hal_msp.c **** * This function freeze the hardware resources used in this example
 259:Src/stm32h7xx_hal_msp.c **** * @param heth: ETH handle pointer
 260:Src/stm32h7xx_hal_msp.c **** * @retval None
 261:Src/stm32h7xx_hal_msp.c **** */
 262:Src/stm32h7xx_hal_msp.c **** void HAL_ETH_MspDeInit(ETH_HandleTypeDef* heth)
 263:Src/stm32h7xx_hal_msp.c **** {
 635              		.loc 1 263 1 is_stmt 1 view -0
 636              		.cfi_startproc
 637              		@ args = 0, pretend = 0, frame = 0
 638              		@ frame_needed = 0, uses_anonymous_args = 0
 639              		.loc 1 263 1 is_stmt 0 view .LVU198
 640 0000 08B5     		push	{r3, lr}
 641              	.LCFI11:
 642              		.cfi_def_cfa_offset 8
 643              		.cfi_offset 3, -8
 644              		.cfi_offset 14, -4
 264:Src/stm32h7xx_hal_msp.c ****   if(heth->Instance==ETH)
 645              		.loc 1 264 3 is_stmt 1 view .LVU199
 646              		.loc 1 264 10 is_stmt 0 view .LVU200
 647 0002 0268     		ldr	r2, [r0]
 648              		.loc 1 264 5 view .LVU201
 649 0004 144B     		ldr	r3, .L27
 650 0006 9A42     		cmp	r2, r3
 651 0008 00D0     		beq	.L26
 652              	.LVL25:
 653              	.L23:
 265:Src/stm32h7xx_hal_msp.c ****   {
 266:Src/stm32h7xx_hal_msp.c ****   /* USER CODE BEGIN ETH_MspDeInit 0 */
 267:Src/stm32h7xx_hal_msp.c **** 
 268:Src/stm32h7xx_hal_msp.c ****   /* USER CODE END ETH_MspDeInit 0 */
 269:Src/stm32h7xx_hal_msp.c ****     /* Peripheral clock disable */
 270:Src/stm32h7xx_hal_msp.c ****     __HAL_RCC_ETH1MAC_CLK_DISABLE();
 271:Src/stm32h7xx_hal_msp.c ****     __HAL_RCC_ETH1TX_CLK_DISABLE();
 272:Src/stm32h7xx_hal_msp.c ****     __HAL_RCC_ETH1RX_CLK_DISABLE();
 273:Src/stm32h7xx_hal_msp.c **** 
 274:Src/stm32h7xx_hal_msp.c ****     /**ETH GPIO Configuration
 275:Src/stm32h7xx_hal_msp.c ****     PC1     ------> ETH_MDC
ARM GAS  C:\Users\theto\AppData\Local\Temp\ccIeMQlV.s 			page 20


 276:Src/stm32h7xx_hal_msp.c ****     PA1     ------> ETH_REF_CLK
 277:Src/stm32h7xx_hal_msp.c ****     PA2     ------> ETH_MDIO
 278:Src/stm32h7xx_hal_msp.c ****     PA7     ------> ETH_CRS_DV
 279:Src/stm32h7xx_hal_msp.c ****     PC4     ------> ETH_RXD0
 280:Src/stm32h7xx_hal_msp.c ****     PC5     ------> ETH_RXD1
 281:Src/stm32h7xx_hal_msp.c ****     PB13     ------> ETH_TXD1
 282:Src/stm32h7xx_hal_msp.c ****     PG11     ------> ETH_TX_EN
 283:Src/stm32h7xx_hal_msp.c ****     PG13     ------> ETH_TXD0
 284:Src/stm32h7xx_hal_msp.c ****     */
 285:Src/stm32h7xx_hal_msp.c ****     HAL_GPIO_DeInit(GPIOC, GPIO_PIN_1|GPIO_PIN_4|GPIO_PIN_5);
 286:Src/stm32h7xx_hal_msp.c **** 
 287:Src/stm32h7xx_hal_msp.c ****     HAL_GPIO_DeInit(GPIOA, GPIO_PIN_1|GPIO_PIN_2|GPIO_PIN_7);
 288:Src/stm32h7xx_hal_msp.c **** 
 289:Src/stm32h7xx_hal_msp.c ****     HAL_GPIO_DeInit(GPIOB, GPIO_PIN_13);
 290:Src/stm32h7xx_hal_msp.c **** 
 291:Src/stm32h7xx_hal_msp.c ****     HAL_GPIO_DeInit(GPIOG, GPIO_PIN_11|GPIO_PIN_13);
 292:Src/stm32h7xx_hal_msp.c **** 
 293:Src/stm32h7xx_hal_msp.c ****   /* USER CODE BEGIN ETH_MspDeInit 1 */
 294:Src/stm32h7xx_hal_msp.c **** 
 295:Src/stm32h7xx_hal_msp.c ****   /* USER CODE END ETH_MspDeInit 1 */
 296:Src/stm32h7xx_hal_msp.c ****   }
 297:Src/stm32h7xx_hal_msp.c **** 
 298:Src/stm32h7xx_hal_msp.c **** }
 654              		.loc 1 298 1 view .LVU202
 655 000a 08BD     		pop	{r3, pc}
 656              	.LVL26:
 657              	.L26:
 270:Src/stm32h7xx_hal_msp.c ****     __HAL_RCC_ETH1TX_CLK_DISABLE();
 658              		.loc 1 270 5 is_stmt 1 view .LVU203
 659 000c 134B     		ldr	r3, .L27+4
 660 000e D3F8D820 		ldr	r2, [r3, #216]
 661 0012 22F40042 		bic	r2, r2, #32768
 662 0016 C3F8D820 		str	r2, [r3, #216]
 271:Src/stm32h7xx_hal_msp.c ****     __HAL_RCC_ETH1RX_CLK_DISABLE();
 663              		.loc 1 271 5 view .LVU204
 664 001a D3F8D820 		ldr	r2, [r3, #216]
 665 001e 22F48032 		bic	r2, r2, #65536
 666 0022 C3F8D820 		str	r2, [r3, #216]
 272:Src/stm32h7xx_hal_msp.c **** 
 667              		.loc 1 272 5 view .LVU205
 668 0026 D3F8D820 		ldr	r2, [r3, #216]
 669 002a 22F40032 		bic	r2, r2, #131072
 670 002e C3F8D820 		str	r2, [r3, #216]
 285:Src/stm32h7xx_hal_msp.c **** 
 671              		.loc 1 285 5 view .LVU206
 672 0032 3221     		movs	r1, #50
 673 0034 0A48     		ldr	r0, .L27+8
 674              	.LVL27:
 285:Src/stm32h7xx_hal_msp.c **** 
 675              		.loc 1 285 5 is_stmt 0 view .LVU207
 676 0036 FFF7FEFF 		bl	HAL_GPIO_DeInit
 677              	.LVL28:
 287:Src/stm32h7xx_hal_msp.c **** 
 678              		.loc 1 287 5 is_stmt 1 view .LVU208
 679 003a 8621     		movs	r1, #134
 680 003c 0948     		ldr	r0, .L27+12
 681 003e FFF7FEFF 		bl	HAL_GPIO_DeInit
ARM GAS  C:\Users\theto\AppData\Local\Temp\ccIeMQlV.s 			page 21


 682              	.LVL29:
 289:Src/stm32h7xx_hal_msp.c **** 
 683              		.loc 1 289 5 view .LVU209
 684 0042 4FF40051 		mov	r1, #8192
 685 0046 0848     		ldr	r0, .L27+16
 686 0048 FFF7FEFF 		bl	HAL_GPIO_DeInit
 687              	.LVL30:
 291:Src/stm32h7xx_hal_msp.c **** 
 688              		.loc 1 291 5 view .LVU210
 689 004c 4FF42051 		mov	r1, #10240
 690 0050 0648     		ldr	r0, .L27+20
 691 0052 FFF7FEFF 		bl	HAL_GPIO_DeInit
 692              	.LVL31:
 693              		.loc 1 298 1 is_stmt 0 view .LVU211
 694 0056 D8E7     		b	.L23
 695              	.L28:
 696              		.align	2
 697              	.L27:
 698 0058 00800240 		.word	1073905664
 699 005c 00440258 		.word	1476543488
 700 0060 00080258 		.word	1476528128
 701 0064 00000258 		.word	1476526080
 702 0068 00040258 		.word	1476527104
 703 006c 00180258 		.word	1476532224
 704              		.cfi_endproc
 705              	.LFE148:
 707              		.section	.text.HAL_UART_MspInit,"ax",%progbits
 708              		.align	1
 709              		.global	HAL_UART_MspInit
 710              		.syntax unified
 711              		.thumb
 712              		.thumb_func
 714              	HAL_UART_MspInit:
 715              	.LVL32:
 716              	.LFB149:
 299:Src/stm32h7xx_hal_msp.c **** 
 300:Src/stm32h7xx_hal_msp.c **** /**
 301:Src/stm32h7xx_hal_msp.c **** * @brief UART MSP Initialization
 302:Src/stm32h7xx_hal_msp.c **** * This function configures the hardware resources used in this example
 303:Src/stm32h7xx_hal_msp.c **** * @param huart: UART handle pointer
 304:Src/stm32h7xx_hal_msp.c **** * @retval None
 305:Src/stm32h7xx_hal_msp.c **** */
 306:Src/stm32h7xx_hal_msp.c **** void HAL_UART_MspInit(UART_HandleTypeDef* huart)
 307:Src/stm32h7xx_hal_msp.c **** {
 717              		.loc 1 307 1 is_stmt 1 view -0
 718              		.cfi_startproc
 719              		@ args = 0, pretend = 0, frame = 224
 720              		@ frame_needed = 0, uses_anonymous_args = 0
 721              		.loc 1 307 1 is_stmt 0 view .LVU213
 722 0000 10B5     		push	{r4, lr}
 723              	.LCFI12:
 724              		.cfi_def_cfa_offset 8
 725              		.cfi_offset 4, -8
 726              		.cfi_offset 14, -4
 727 0002 B8B0     		sub	sp, sp, #224
 728              	.LCFI13:
 729              		.cfi_def_cfa_offset 232
ARM GAS  C:\Users\theto\AppData\Local\Temp\ccIeMQlV.s 			page 22


 730 0004 0446     		mov	r4, r0
 308:Src/stm32h7xx_hal_msp.c ****   GPIO_InitTypeDef GPIO_InitStruct = {0};
 731              		.loc 1 308 3 is_stmt 1 view .LVU214
 732              		.loc 1 308 20 is_stmt 0 view .LVU215
 733 0006 0021     		movs	r1, #0
 734 0008 3391     		str	r1, [sp, #204]
 735 000a 3491     		str	r1, [sp, #208]
 736 000c 3591     		str	r1, [sp, #212]
 737 000e 3691     		str	r1, [sp, #216]
 738 0010 3791     		str	r1, [sp, #220]
 309:Src/stm32h7xx_hal_msp.c ****   RCC_PeriphCLKInitTypeDef PeriphClkInitStruct = {0};
 739              		.loc 1 309 3 is_stmt 1 view .LVU216
 740              		.loc 1 309 28 is_stmt 0 view .LVU217
 741 0012 C022     		movs	r2, #192
 742 0014 02A8     		add	r0, sp, #8
 743              	.LVL33:
 744              		.loc 1 309 28 view .LVU218
 745 0016 FFF7FEFF 		bl	memset
 746              	.LVL34:
 310:Src/stm32h7xx_hal_msp.c ****   if(huart->Instance==USART3)
 747              		.loc 1 310 3 is_stmt 1 view .LVU219
 748              		.loc 1 310 11 is_stmt 0 view .LVU220
 749 001a 2268     		ldr	r2, [r4]
 750              		.loc 1 310 5 view .LVU221
 751 001c 1B4B     		ldr	r3, .L35
 752 001e 9A42     		cmp	r2, r3
 753 0020 01D0     		beq	.L33
 754              	.L29:
 311:Src/stm32h7xx_hal_msp.c ****   {
 312:Src/stm32h7xx_hal_msp.c ****   /* USER CODE BEGIN USART3_MspInit 0 */
 313:Src/stm32h7xx_hal_msp.c **** 
 314:Src/stm32h7xx_hal_msp.c ****   /* USER CODE END USART3_MspInit 0 */
 315:Src/stm32h7xx_hal_msp.c **** 
 316:Src/stm32h7xx_hal_msp.c ****   /** Initializes the peripherals clock
 317:Src/stm32h7xx_hal_msp.c ****   */
 318:Src/stm32h7xx_hal_msp.c ****     PeriphClkInitStruct.PeriphClockSelection = RCC_PERIPHCLK_USART3;
 319:Src/stm32h7xx_hal_msp.c ****     PeriphClkInitStruct.Usart234578ClockSelection = RCC_USART234578CLKSOURCE_D2PCLK1;
 320:Src/stm32h7xx_hal_msp.c ****     if (HAL_RCCEx_PeriphCLKConfig(&PeriphClkInitStruct) != HAL_OK)
 321:Src/stm32h7xx_hal_msp.c ****     {
 322:Src/stm32h7xx_hal_msp.c ****       Error_Handler();
 323:Src/stm32h7xx_hal_msp.c ****     }
 324:Src/stm32h7xx_hal_msp.c **** 
 325:Src/stm32h7xx_hal_msp.c ****     /* Peripheral clock enable */
 326:Src/stm32h7xx_hal_msp.c ****     __HAL_RCC_USART3_CLK_ENABLE();
 327:Src/stm32h7xx_hal_msp.c **** 
 328:Src/stm32h7xx_hal_msp.c ****     __HAL_RCC_GPIOD_CLK_ENABLE();
 329:Src/stm32h7xx_hal_msp.c ****     /**USART3 GPIO Configuration
 330:Src/stm32h7xx_hal_msp.c ****     PD8     ------> USART3_TX
 331:Src/stm32h7xx_hal_msp.c ****     PD9     ------> USART3_RX
 332:Src/stm32h7xx_hal_msp.c ****     */
 333:Src/stm32h7xx_hal_msp.c ****     GPIO_InitStruct.Pin = STLINK_RX_Pin|STLINK_TX_Pin;
 334:Src/stm32h7xx_hal_msp.c ****     GPIO_InitStruct.Mode = GPIO_MODE_AF_PP;
 335:Src/stm32h7xx_hal_msp.c ****     GPIO_InitStruct.Pull = GPIO_NOPULL;
 336:Src/stm32h7xx_hal_msp.c ****     GPIO_InitStruct.Speed = GPIO_SPEED_FREQ_LOW;
 337:Src/stm32h7xx_hal_msp.c ****     GPIO_InitStruct.Alternate = GPIO_AF7_USART3;
 338:Src/stm32h7xx_hal_msp.c ****     HAL_GPIO_Init(GPIOD, &GPIO_InitStruct);
 339:Src/stm32h7xx_hal_msp.c **** 
ARM GAS  C:\Users\theto\AppData\Local\Temp\ccIeMQlV.s 			page 23


 340:Src/stm32h7xx_hal_msp.c ****   /* USER CODE BEGIN USART3_MspInit 1 */
 341:Src/stm32h7xx_hal_msp.c **** 
 342:Src/stm32h7xx_hal_msp.c ****   /* USER CODE END USART3_MspInit 1 */
 343:Src/stm32h7xx_hal_msp.c ****   }
 344:Src/stm32h7xx_hal_msp.c **** 
 345:Src/stm32h7xx_hal_msp.c **** }
 755              		.loc 1 345 1 view .LVU222
 756 0022 38B0     		add	sp, sp, #224
 757              	.LCFI14:
 758              		.cfi_remember_state
 759              		.cfi_def_cfa_offset 8
 760              		@ sp needed
 761 0024 10BD     		pop	{r4, pc}
 762              	.LVL35:
 763              	.L33:
 764              	.LCFI15:
 765              		.cfi_restore_state
 318:Src/stm32h7xx_hal_msp.c ****     PeriphClkInitStruct.Usart234578ClockSelection = RCC_USART234578CLKSOURCE_D2PCLK1;
 766              		.loc 1 318 5 is_stmt 1 view .LVU223
 318:Src/stm32h7xx_hal_msp.c ****     PeriphClkInitStruct.Usart234578ClockSelection = RCC_USART234578CLKSOURCE_D2PCLK1;
 767              		.loc 1 318 46 is_stmt 0 view .LVU224
 768 0026 0222     		movs	r2, #2
 769 0028 0023     		movs	r3, #0
 770 002a CDE90223 		strd	r2, [sp, #8]
 319:Src/stm32h7xx_hal_msp.c ****     if (HAL_RCCEx_PeriphCLKConfig(&PeriphClkInitStruct) != HAL_OK)
 771              		.loc 1 319 5 is_stmt 1 view .LVU225
 320:Src/stm32h7xx_hal_msp.c ****     {
 772              		.loc 1 320 5 view .LVU226
 320:Src/stm32h7xx_hal_msp.c ****     {
 773              		.loc 1 320 9 is_stmt 0 view .LVU227
 774 002e 02A8     		add	r0, sp, #8
 775 0030 FFF7FEFF 		bl	HAL_RCCEx_PeriphCLKConfig
 776              	.LVL36:
 320:Src/stm32h7xx_hal_msp.c ****     {
 777              		.loc 1 320 8 view .LVU228
 778 0034 38BB     		cbnz	r0, .L34
 779              	.L31:
 326:Src/stm32h7xx_hal_msp.c **** 
 780              		.loc 1 326 5 is_stmt 1 view .LVU229
 781              	.LBB15:
 326:Src/stm32h7xx_hal_msp.c **** 
 782              		.loc 1 326 5 view .LVU230
 326:Src/stm32h7xx_hal_msp.c **** 
 783              		.loc 1 326 5 view .LVU231
 784 0036 164B     		ldr	r3, .L35+4
 785 0038 D3F8E820 		ldr	r2, [r3, #232]
 786 003c 42F48022 		orr	r2, r2, #262144
 787 0040 C3F8E820 		str	r2, [r3, #232]
 326:Src/stm32h7xx_hal_msp.c **** 
 788              		.loc 1 326 5 view .LVU232
 789 0044 D3F8E820 		ldr	r2, [r3, #232]
 790 0048 02F48022 		and	r2, r2, #262144
 791 004c 0092     		str	r2, [sp]
 326:Src/stm32h7xx_hal_msp.c **** 
 792              		.loc 1 326 5 view .LVU233
 793 004e 009A     		ldr	r2, [sp]
 794              	.LBE15:
ARM GAS  C:\Users\theto\AppData\Local\Temp\ccIeMQlV.s 			page 24


 326:Src/stm32h7xx_hal_msp.c **** 
 795              		.loc 1 326 5 view .LVU234
 328:Src/stm32h7xx_hal_msp.c ****     /**USART3 GPIO Configuration
 796              		.loc 1 328 5 view .LVU235
 797              	.LBB16:
 328:Src/stm32h7xx_hal_msp.c ****     /**USART3 GPIO Configuration
 798              		.loc 1 328 5 view .LVU236
 328:Src/stm32h7xx_hal_msp.c ****     /**USART3 GPIO Configuration
 799              		.loc 1 328 5 view .LVU237
 800 0050 D3F8E020 		ldr	r2, [r3, #224]
 801 0054 42F00802 		orr	r2, r2, #8
 802 0058 C3F8E020 		str	r2, [r3, #224]
 328:Src/stm32h7xx_hal_msp.c ****     /**USART3 GPIO Configuration
 803              		.loc 1 328 5 view .LVU238
 804 005c D3F8E030 		ldr	r3, [r3, #224]
 805 0060 03F00803 		and	r3, r3, #8
 806 0064 0193     		str	r3, [sp, #4]
 328:Src/stm32h7xx_hal_msp.c ****     /**USART3 GPIO Configuration
 807              		.loc 1 328 5 view .LVU239
 808 0066 019B     		ldr	r3, [sp, #4]
 809              	.LBE16:
 328:Src/stm32h7xx_hal_msp.c ****     /**USART3 GPIO Configuration
 810              		.loc 1 328 5 view .LVU240
 333:Src/stm32h7xx_hal_msp.c ****     GPIO_InitStruct.Mode = GPIO_MODE_AF_PP;
 811              		.loc 1 333 5 view .LVU241
 333:Src/stm32h7xx_hal_msp.c ****     GPIO_InitStruct.Mode = GPIO_MODE_AF_PP;
 812              		.loc 1 333 25 is_stmt 0 view .LVU242
 813 0068 4FF44073 		mov	r3, #768
 814 006c 3393     		str	r3, [sp, #204]
 334:Src/stm32h7xx_hal_msp.c ****     GPIO_InitStruct.Pull = GPIO_NOPULL;
 815              		.loc 1 334 5 is_stmt 1 view .LVU243
 334:Src/stm32h7xx_hal_msp.c ****     GPIO_InitStruct.Pull = GPIO_NOPULL;
 816              		.loc 1 334 26 is_stmt 0 view .LVU244
 817 006e 0223     		movs	r3, #2
 818 0070 3493     		str	r3, [sp, #208]
 335:Src/stm32h7xx_hal_msp.c ****     GPIO_InitStruct.Speed = GPIO_SPEED_FREQ_LOW;
 819              		.loc 1 335 5 is_stmt 1 view .LVU245
 335:Src/stm32h7xx_hal_msp.c ****     GPIO_InitStruct.Speed = GPIO_SPEED_FREQ_LOW;
 820              		.loc 1 335 26 is_stmt 0 view .LVU246
 821 0072 0023     		movs	r3, #0
 822 0074 3593     		str	r3, [sp, #212]
 336:Src/stm32h7xx_hal_msp.c ****     GPIO_InitStruct.Alternate = GPIO_AF7_USART3;
 823              		.loc 1 336 5 is_stmt 1 view .LVU247
 336:Src/stm32h7xx_hal_msp.c ****     GPIO_InitStruct.Alternate = GPIO_AF7_USART3;
 824              		.loc 1 336 27 is_stmt 0 view .LVU248
 825 0076 3693     		str	r3, [sp, #216]
 337:Src/stm32h7xx_hal_msp.c ****     HAL_GPIO_Init(GPIOD, &GPIO_InitStruct);
 826              		.loc 1 337 5 is_stmt 1 view .LVU249
 337:Src/stm32h7xx_hal_msp.c ****     HAL_GPIO_Init(GPIOD, &GPIO_InitStruct);
 827              		.loc 1 337 31 is_stmt 0 view .LVU250
 828 0078 0723     		movs	r3, #7
 829 007a 3793     		str	r3, [sp, #220]
 338:Src/stm32h7xx_hal_msp.c **** 
 830              		.loc 1 338 5 is_stmt 1 view .LVU251
 831 007c 33A9     		add	r1, sp, #204
 832 007e 0548     		ldr	r0, .L35+8
 833 0080 FFF7FEFF 		bl	HAL_GPIO_Init
ARM GAS  C:\Users\theto\AppData\Local\Temp\ccIeMQlV.s 			page 25


 834              	.LVL37:
 835              		.loc 1 345 1 is_stmt 0 view .LVU252
 836 0084 CDE7     		b	.L29
 837              	.L34:
 322:Src/stm32h7xx_hal_msp.c ****     }
 838              		.loc 1 322 7 is_stmt 1 view .LVU253
 839 0086 FFF7FEFF 		bl	Error_Handler
 840              	.LVL38:
 841 008a D4E7     		b	.L31
 842              	.L36:
 843              		.align	2
 844              	.L35:
 845 008c 00480040 		.word	1073760256
 846 0090 00440258 		.word	1476543488
 847 0094 000C0258 		.word	1476529152
 848              		.cfi_endproc
 849              	.LFE149:
 851              		.section	.text.HAL_UART_MspDeInit,"ax",%progbits
 852              		.align	1
 853              		.global	HAL_UART_MspDeInit
 854              		.syntax unified
 855              		.thumb
 856              		.thumb_func
 858              	HAL_UART_MspDeInit:
 859              	.LVL39:
 860              	.LFB150:
 346:Src/stm32h7xx_hal_msp.c **** 
 347:Src/stm32h7xx_hal_msp.c **** /**
 348:Src/stm32h7xx_hal_msp.c **** * @brief UART MSP De-Initialization
 349:Src/stm32h7xx_hal_msp.c **** * This function freeze the hardware resources used in this example
 350:Src/stm32h7xx_hal_msp.c **** * @param huart: UART handle pointer
 351:Src/stm32h7xx_hal_msp.c **** * @retval None
 352:Src/stm32h7xx_hal_msp.c **** */
 353:Src/stm32h7xx_hal_msp.c **** void HAL_UART_MspDeInit(UART_HandleTypeDef* huart)
 354:Src/stm32h7xx_hal_msp.c **** {
 861              		.loc 1 354 1 view -0
 862              		.cfi_startproc
 863              		@ args = 0, pretend = 0, frame = 0
 864              		@ frame_needed = 0, uses_anonymous_args = 0
 865              		.loc 1 354 1 is_stmt 0 view .LVU255
 866 0000 08B5     		push	{r3, lr}
 867              	.LCFI16:
 868              		.cfi_def_cfa_offset 8
 869              		.cfi_offset 3, -8
 870              		.cfi_offset 14, -4
 355:Src/stm32h7xx_hal_msp.c ****   if(huart->Instance==USART3)
 871              		.loc 1 355 3 is_stmt 1 view .LVU256
 872              		.loc 1 355 11 is_stmt 0 view .LVU257
 873 0002 0268     		ldr	r2, [r0]
 874              		.loc 1 355 5 view .LVU258
 875 0004 084B     		ldr	r3, .L41
 876 0006 9A42     		cmp	r2, r3
 877 0008 00D0     		beq	.L40
 878              	.LVL40:
 879              	.L37:
 356:Src/stm32h7xx_hal_msp.c ****   {
 357:Src/stm32h7xx_hal_msp.c ****   /* USER CODE BEGIN USART3_MspDeInit 0 */
ARM GAS  C:\Users\theto\AppData\Local\Temp\ccIeMQlV.s 			page 26


 358:Src/stm32h7xx_hal_msp.c **** 
 359:Src/stm32h7xx_hal_msp.c ****   /* USER CODE END USART3_MspDeInit 0 */
 360:Src/stm32h7xx_hal_msp.c ****     /* Peripheral clock disable */
 361:Src/stm32h7xx_hal_msp.c ****     __HAL_RCC_USART3_CLK_DISABLE();
 362:Src/stm32h7xx_hal_msp.c **** 
 363:Src/stm32h7xx_hal_msp.c ****     /**USART3 GPIO Configuration
 364:Src/stm32h7xx_hal_msp.c ****     PD8     ------> USART3_TX
 365:Src/stm32h7xx_hal_msp.c ****     PD9     ------> USART3_RX
 366:Src/stm32h7xx_hal_msp.c ****     */
 367:Src/stm32h7xx_hal_msp.c ****     HAL_GPIO_DeInit(GPIOD, STLINK_RX_Pin|STLINK_TX_Pin);
 368:Src/stm32h7xx_hal_msp.c **** 
 369:Src/stm32h7xx_hal_msp.c ****   /* USER CODE BEGIN USART3_MspDeInit 1 */
 370:Src/stm32h7xx_hal_msp.c **** 
 371:Src/stm32h7xx_hal_msp.c ****   /* USER CODE END USART3_MspDeInit 1 */
 372:Src/stm32h7xx_hal_msp.c ****   }
 373:Src/stm32h7xx_hal_msp.c **** 
 374:Src/stm32h7xx_hal_msp.c **** }
 880              		.loc 1 374 1 view .LVU259
 881 000a 08BD     		pop	{r3, pc}
 882              	.LVL41:
 883              	.L40:
 361:Src/stm32h7xx_hal_msp.c **** 
 884              		.loc 1 361 5 is_stmt 1 view .LVU260
 885 000c 074A     		ldr	r2, .L41+4
 886 000e D2F8E830 		ldr	r3, [r2, #232]
 887 0012 23F48023 		bic	r3, r3, #262144
 888 0016 C2F8E830 		str	r3, [r2, #232]
 367:Src/stm32h7xx_hal_msp.c **** 
 889              		.loc 1 367 5 view .LVU261
 890 001a 4FF44071 		mov	r1, #768
 891 001e 0448     		ldr	r0, .L41+8
 892              	.LVL42:
 367:Src/stm32h7xx_hal_msp.c **** 
 893              		.loc 1 367 5 is_stmt 0 view .LVU262
 894 0020 FFF7FEFF 		bl	HAL_GPIO_DeInit
 895              	.LVL43:
 896              		.loc 1 374 1 view .LVU263
 897 0024 F1E7     		b	.L37
 898              	.L42:
 899 0026 00BF     		.align	2
 900              	.L41:
 901 0028 00480040 		.word	1073760256
 902 002c 00440258 		.word	1476543488
 903 0030 000C0258 		.word	1476529152
 904              		.cfi_endproc
 905              	.LFE150:
 907              		.section	.text.HAL_PCD_MspInit,"ax",%progbits
 908              		.align	1
 909              		.global	HAL_PCD_MspInit
 910              		.syntax unified
 911              		.thumb
 912              		.thumb_func
 914              	HAL_PCD_MspInit:
 915              	.LVL44:
 916              	.LFB151:
 375:Src/stm32h7xx_hal_msp.c **** 
 376:Src/stm32h7xx_hal_msp.c **** /**
ARM GAS  C:\Users\theto\AppData\Local\Temp\ccIeMQlV.s 			page 27


 377:Src/stm32h7xx_hal_msp.c **** * @brief PCD MSP Initialization
 378:Src/stm32h7xx_hal_msp.c **** * This function configures the hardware resources used in this example
 379:Src/stm32h7xx_hal_msp.c **** * @param hpcd: PCD handle pointer
 380:Src/stm32h7xx_hal_msp.c **** * @retval None
 381:Src/stm32h7xx_hal_msp.c **** */
 382:Src/stm32h7xx_hal_msp.c **** void HAL_PCD_MspInit(PCD_HandleTypeDef* hpcd)
 383:Src/stm32h7xx_hal_msp.c **** {
 917              		.loc 1 383 1 is_stmt 1 view -0
 918              		.cfi_startproc
 919              		@ args = 0, pretend = 0, frame = 224
 920              		@ frame_needed = 0, uses_anonymous_args = 0
 921              		.loc 1 383 1 is_stmt 0 view .LVU265
 922 0000 70B5     		push	{r4, r5, r6, lr}
 923              	.LCFI17:
 924              		.cfi_def_cfa_offset 16
 925              		.cfi_offset 4, -16
 926              		.cfi_offset 5, -12
 927              		.cfi_offset 6, -8
 928              		.cfi_offset 14, -4
 929 0002 B8B0     		sub	sp, sp, #224
 930              	.LCFI18:
 931              		.cfi_def_cfa_offset 240
 932 0004 0446     		mov	r4, r0
 384:Src/stm32h7xx_hal_msp.c ****   GPIO_InitTypeDef GPIO_InitStruct = {0};
 933              		.loc 1 384 3 is_stmt 1 view .LVU266
 934              		.loc 1 384 20 is_stmt 0 view .LVU267
 935 0006 0021     		movs	r1, #0
 936 0008 3391     		str	r1, [sp, #204]
 937 000a 3491     		str	r1, [sp, #208]
 938 000c 3591     		str	r1, [sp, #212]
 939 000e 3691     		str	r1, [sp, #216]
 940 0010 3791     		str	r1, [sp, #220]
 385:Src/stm32h7xx_hal_msp.c ****   RCC_PeriphCLKInitTypeDef PeriphClkInitStruct = {0};
 941              		.loc 1 385 3 is_stmt 1 view .LVU268
 942              		.loc 1 385 28 is_stmt 0 view .LVU269
 943 0012 C022     		movs	r2, #192
 944 0014 02A8     		add	r0, sp, #8
 945              	.LVL45:
 946              		.loc 1 385 28 view .LVU270
 947 0016 FFF7FEFF 		bl	memset
 948              	.LVL46:
 386:Src/stm32h7xx_hal_msp.c ****   if(hpcd->Instance==USB_OTG_FS)
 949              		.loc 1 386 3 is_stmt 1 view .LVU271
 950              		.loc 1 386 10 is_stmt 0 view .LVU272
 951 001a 2268     		ldr	r2, [r4]
 952              		.loc 1 386 5 view .LVU273
 953 001c 244B     		ldr	r3, .L49
 954 001e 9A42     		cmp	r2, r3
 955 0020 01D0     		beq	.L47
 956              	.LVL47:
 957              	.L43:
 387:Src/stm32h7xx_hal_msp.c ****   {
 388:Src/stm32h7xx_hal_msp.c ****   /* USER CODE BEGIN USB_OTG_FS_MspInit 0 */
 389:Src/stm32h7xx_hal_msp.c **** 
 390:Src/stm32h7xx_hal_msp.c ****   /* USER CODE END USB_OTG_FS_MspInit 0 */
 391:Src/stm32h7xx_hal_msp.c **** 
 392:Src/stm32h7xx_hal_msp.c ****   /** Initializes the peripherals clock
ARM GAS  C:\Users\theto\AppData\Local\Temp\ccIeMQlV.s 			page 28


 393:Src/stm32h7xx_hal_msp.c ****   */
 394:Src/stm32h7xx_hal_msp.c ****     PeriphClkInitStruct.PeriphClockSelection = RCC_PERIPHCLK_USB;
 395:Src/stm32h7xx_hal_msp.c ****     PeriphClkInitStruct.UsbClockSelection = RCC_USBCLKSOURCE_PLL;
 396:Src/stm32h7xx_hal_msp.c ****     if (HAL_RCCEx_PeriphCLKConfig(&PeriphClkInitStruct) != HAL_OK)
 397:Src/stm32h7xx_hal_msp.c ****     {
 398:Src/stm32h7xx_hal_msp.c ****       Error_Handler();
 399:Src/stm32h7xx_hal_msp.c ****     }
 400:Src/stm32h7xx_hal_msp.c **** 
 401:Src/stm32h7xx_hal_msp.c ****   /** Enable USB Voltage detector
 402:Src/stm32h7xx_hal_msp.c ****   */
 403:Src/stm32h7xx_hal_msp.c ****     HAL_PWREx_EnableUSBVoltageDetector();
 404:Src/stm32h7xx_hal_msp.c **** 
 405:Src/stm32h7xx_hal_msp.c ****     __HAL_RCC_GPIOA_CLK_ENABLE();
 406:Src/stm32h7xx_hal_msp.c ****     /**USB_OTG_FS GPIO Configuration
 407:Src/stm32h7xx_hal_msp.c ****     PA8     ------> USB_OTG_FS_SOF
 408:Src/stm32h7xx_hal_msp.c ****     PA9     ------> USB_OTG_FS_VBUS
 409:Src/stm32h7xx_hal_msp.c ****     PA11     ------> USB_OTG_FS_DM
 410:Src/stm32h7xx_hal_msp.c ****     PA12     ------> USB_OTG_FS_DP
 411:Src/stm32h7xx_hal_msp.c ****     */
 412:Src/stm32h7xx_hal_msp.c ****     GPIO_InitStruct.Pin = GPIO_PIN_8|GPIO_PIN_11|GPIO_PIN_12;
 413:Src/stm32h7xx_hal_msp.c ****     GPIO_InitStruct.Mode = GPIO_MODE_AF_PP;
 414:Src/stm32h7xx_hal_msp.c ****     GPIO_InitStruct.Pull = GPIO_NOPULL;
 415:Src/stm32h7xx_hal_msp.c ****     GPIO_InitStruct.Speed = GPIO_SPEED_FREQ_LOW;
 416:Src/stm32h7xx_hal_msp.c ****     GPIO_InitStruct.Alternate = GPIO_AF10_OTG1_FS;
 417:Src/stm32h7xx_hal_msp.c ****     HAL_GPIO_Init(GPIOA, &GPIO_InitStruct);
 418:Src/stm32h7xx_hal_msp.c **** 
 419:Src/stm32h7xx_hal_msp.c ****     GPIO_InitStruct.Pin = GPIO_PIN_9;
 420:Src/stm32h7xx_hal_msp.c ****     GPIO_InitStruct.Mode = GPIO_MODE_INPUT;
 421:Src/stm32h7xx_hal_msp.c ****     GPIO_InitStruct.Pull = GPIO_NOPULL;
 422:Src/stm32h7xx_hal_msp.c ****     HAL_GPIO_Init(GPIOA, &GPIO_InitStruct);
 423:Src/stm32h7xx_hal_msp.c **** 
 424:Src/stm32h7xx_hal_msp.c ****     /* Peripheral clock enable */
 425:Src/stm32h7xx_hal_msp.c ****     __HAL_RCC_USB_OTG_FS_CLK_ENABLE();
 426:Src/stm32h7xx_hal_msp.c ****   /* USER CODE BEGIN USB_OTG_FS_MspInit 1 */
 427:Src/stm32h7xx_hal_msp.c **** 
 428:Src/stm32h7xx_hal_msp.c ****   /* USER CODE END USB_OTG_FS_MspInit 1 */
 429:Src/stm32h7xx_hal_msp.c ****   }
 430:Src/stm32h7xx_hal_msp.c **** 
 431:Src/stm32h7xx_hal_msp.c **** }
 958              		.loc 1 431 1 view .LVU274
 959 0022 38B0     		add	sp, sp, #224
 960              	.LCFI19:
 961              		.cfi_remember_state
 962              		.cfi_def_cfa_offset 16
 963              		@ sp needed
 964 0024 70BD     		pop	{r4, r5, r6, pc}
 965              	.LVL48:
 966              	.L47:
 967              	.LCFI20:
 968              		.cfi_restore_state
 394:Src/stm32h7xx_hal_msp.c ****     PeriphClkInitStruct.UsbClockSelection = RCC_USBCLKSOURCE_PLL;
 969              		.loc 1 394 5 is_stmt 1 view .LVU275
 394:Src/stm32h7xx_hal_msp.c ****     PeriphClkInitStruct.UsbClockSelection = RCC_USBCLKSOURCE_PLL;
 970              		.loc 1 394 46 is_stmt 0 view .LVU276
 971 0026 4FF48022 		mov	r2, #262144
 972 002a 0023     		movs	r3, #0
 973 002c CDE90223 		strd	r2, [sp, #8]
ARM GAS  C:\Users\theto\AppData\Local\Temp\ccIeMQlV.s 			page 29


 395:Src/stm32h7xx_hal_msp.c ****     if (HAL_RCCEx_PeriphCLKConfig(&PeriphClkInitStruct) != HAL_OK)
 974              		.loc 1 395 5 is_stmt 1 view .LVU277
 395:Src/stm32h7xx_hal_msp.c ****     if (HAL_RCCEx_PeriphCLKConfig(&PeriphClkInitStruct) != HAL_OK)
 975              		.loc 1 395 43 is_stmt 0 view .LVU278
 976 0030 4FF48013 		mov	r3, #1048576
 977 0034 2493     		str	r3, [sp, #144]
 396:Src/stm32h7xx_hal_msp.c ****     {
 978              		.loc 1 396 5 is_stmt 1 view .LVU279
 396:Src/stm32h7xx_hal_msp.c ****     {
 979              		.loc 1 396 9 is_stmt 0 view .LVU280
 980 0036 02A8     		add	r0, sp, #8
 981 0038 FFF7FEFF 		bl	HAL_RCCEx_PeriphCLKConfig
 982              	.LVL49:
 396:Src/stm32h7xx_hal_msp.c ****     {
 983              		.loc 1 396 8 view .LVU281
 984 003c 0028     		cmp	r0, #0
 985 003e 33D1     		bne	.L48
 986              	.L45:
 403:Src/stm32h7xx_hal_msp.c **** 
 987              		.loc 1 403 5 is_stmt 1 view .LVU282
 988 0040 FFF7FEFF 		bl	HAL_PWREx_EnableUSBVoltageDetector
 989              	.LVL50:
 405:Src/stm32h7xx_hal_msp.c ****     /**USB_OTG_FS GPIO Configuration
 990              		.loc 1 405 5 view .LVU283
 991              	.LBB17:
 405:Src/stm32h7xx_hal_msp.c ****     /**USB_OTG_FS GPIO Configuration
 992              		.loc 1 405 5 view .LVU284
 405:Src/stm32h7xx_hal_msp.c ****     /**USB_OTG_FS GPIO Configuration
 993              		.loc 1 405 5 view .LVU285
 994 0044 1B4C     		ldr	r4, .L49+4
 995              	.LVL51:
 405:Src/stm32h7xx_hal_msp.c ****     /**USB_OTG_FS GPIO Configuration
 996              		.loc 1 405 5 is_stmt 0 view .LVU286
 997 0046 D4F8E030 		ldr	r3, [r4, #224]
 998 004a 43F00103 		orr	r3, r3, #1
 999 004e C4F8E030 		str	r3, [r4, #224]
 405:Src/stm32h7xx_hal_msp.c ****     /**USB_OTG_FS GPIO Configuration
 1000              		.loc 1 405 5 is_stmt 1 view .LVU287
 1001 0052 D4F8E030 		ldr	r3, [r4, #224]
 1002 0056 03F00103 		and	r3, r3, #1
 1003 005a 0093     		str	r3, [sp]
 405:Src/stm32h7xx_hal_msp.c ****     /**USB_OTG_FS GPIO Configuration
 1004              		.loc 1 405 5 view .LVU288
 1005 005c 009B     		ldr	r3, [sp]
 1006              	.LBE17:
 405:Src/stm32h7xx_hal_msp.c ****     /**USB_OTG_FS GPIO Configuration
 1007              		.loc 1 405 5 view .LVU289
 412:Src/stm32h7xx_hal_msp.c ****     GPIO_InitStruct.Mode = GPIO_MODE_AF_PP;
 1008              		.loc 1 412 5 view .LVU290
 412:Src/stm32h7xx_hal_msp.c ****     GPIO_InitStruct.Mode = GPIO_MODE_AF_PP;
 1009              		.loc 1 412 25 is_stmt 0 view .LVU291
 1010 005e 4FF4C853 		mov	r3, #6400
 1011 0062 3393     		str	r3, [sp, #204]
 413:Src/stm32h7xx_hal_msp.c ****     GPIO_InitStruct.Pull = GPIO_NOPULL;
 1012              		.loc 1 413 5 is_stmt 1 view .LVU292
 413:Src/stm32h7xx_hal_msp.c ****     GPIO_InitStruct.Pull = GPIO_NOPULL;
 1013              		.loc 1 413 26 is_stmt 0 view .LVU293
ARM GAS  C:\Users\theto\AppData\Local\Temp\ccIeMQlV.s 			page 30


 1014 0064 0223     		movs	r3, #2
 1015 0066 3493     		str	r3, [sp, #208]
 414:Src/stm32h7xx_hal_msp.c ****     GPIO_InitStruct.Speed = GPIO_SPEED_FREQ_LOW;
 1016              		.loc 1 414 5 is_stmt 1 view .LVU294
 414:Src/stm32h7xx_hal_msp.c ****     GPIO_InitStruct.Speed = GPIO_SPEED_FREQ_LOW;
 1017              		.loc 1 414 26 is_stmt 0 view .LVU295
 1018 0068 0025     		movs	r5, #0
 1019 006a 3595     		str	r5, [sp, #212]
 415:Src/stm32h7xx_hal_msp.c ****     GPIO_InitStruct.Alternate = GPIO_AF10_OTG1_FS;
 1020              		.loc 1 415 5 is_stmt 1 view .LVU296
 415:Src/stm32h7xx_hal_msp.c ****     GPIO_InitStruct.Alternate = GPIO_AF10_OTG1_FS;
 1021              		.loc 1 415 27 is_stmt 0 view .LVU297
 1022 006c 3695     		str	r5, [sp, #216]
 416:Src/stm32h7xx_hal_msp.c ****     HAL_GPIO_Init(GPIOA, &GPIO_InitStruct);
 1023              		.loc 1 416 5 is_stmt 1 view .LVU298
 416:Src/stm32h7xx_hal_msp.c ****     HAL_GPIO_Init(GPIOA, &GPIO_InitStruct);
 1024              		.loc 1 416 31 is_stmt 0 view .LVU299
 1025 006e 0A23     		movs	r3, #10
 1026 0070 3793     		str	r3, [sp, #220]
 417:Src/stm32h7xx_hal_msp.c **** 
 1027              		.loc 1 417 5 is_stmt 1 view .LVU300
 1028 0072 114E     		ldr	r6, .L49+8
 1029 0074 33A9     		add	r1, sp, #204
 1030 0076 3046     		mov	r0, r6
 1031 0078 FFF7FEFF 		bl	HAL_GPIO_Init
 1032              	.LVL52:
 419:Src/stm32h7xx_hal_msp.c ****     GPIO_InitStruct.Mode = GPIO_MODE_INPUT;
 1033              		.loc 1 419 5 view .LVU301
 419:Src/stm32h7xx_hal_msp.c ****     GPIO_InitStruct.Mode = GPIO_MODE_INPUT;
 1034              		.loc 1 419 25 is_stmt 0 view .LVU302
 1035 007c 4FF40073 		mov	r3, #512
 1036 0080 3393     		str	r3, [sp, #204]
 420:Src/stm32h7xx_hal_msp.c ****     GPIO_InitStruct.Pull = GPIO_NOPULL;
 1037              		.loc 1 420 5 is_stmt 1 view .LVU303
 420:Src/stm32h7xx_hal_msp.c ****     GPIO_InitStruct.Pull = GPIO_NOPULL;
 1038              		.loc 1 420 26 is_stmt 0 view .LVU304
 1039 0082 3495     		str	r5, [sp, #208]
 421:Src/stm32h7xx_hal_msp.c ****     HAL_GPIO_Init(GPIOA, &GPIO_InitStruct);
 1040              		.loc 1 421 5 is_stmt 1 view .LVU305
 421:Src/stm32h7xx_hal_msp.c ****     HAL_GPIO_Init(GPIOA, &GPIO_InitStruct);
 1041              		.loc 1 421 26 is_stmt 0 view .LVU306
 1042 0084 3595     		str	r5, [sp, #212]
 422:Src/stm32h7xx_hal_msp.c **** 
 1043              		.loc 1 422 5 is_stmt 1 view .LVU307
 1044 0086 33A9     		add	r1, sp, #204
 1045 0088 3046     		mov	r0, r6
 1046 008a FFF7FEFF 		bl	HAL_GPIO_Init
 1047              	.LVL53:
 425:Src/stm32h7xx_hal_msp.c ****   /* USER CODE BEGIN USB_OTG_FS_MspInit 1 */
 1048              		.loc 1 425 5 view .LVU308
 1049              	.LBB18:
 425:Src/stm32h7xx_hal_msp.c ****   /* USER CODE BEGIN USB_OTG_FS_MspInit 1 */
 1050              		.loc 1 425 5 view .LVU309
 425:Src/stm32h7xx_hal_msp.c ****   /* USER CODE BEGIN USB_OTG_FS_MspInit 1 */
 1051              		.loc 1 425 5 view .LVU310
 1052 008e D4F8D830 		ldr	r3, [r4, #216]
 1053 0092 43F00063 		orr	r3, r3, #134217728
ARM GAS  C:\Users\theto\AppData\Local\Temp\ccIeMQlV.s 			page 31


 1054 0096 C4F8D830 		str	r3, [r4, #216]
 425:Src/stm32h7xx_hal_msp.c ****   /* USER CODE BEGIN USB_OTG_FS_MspInit 1 */
 1055              		.loc 1 425 5 view .LVU311
 1056 009a D4F8D830 		ldr	r3, [r4, #216]
 1057 009e 03F00063 		and	r3, r3, #134217728
 1058 00a2 0193     		str	r3, [sp, #4]
 425:Src/stm32h7xx_hal_msp.c ****   /* USER CODE BEGIN USB_OTG_FS_MspInit 1 */
 1059              		.loc 1 425 5 view .LVU312
 1060 00a4 019B     		ldr	r3, [sp, #4]
 1061              	.LBE18:
 425:Src/stm32h7xx_hal_msp.c ****   /* USER CODE BEGIN USB_OTG_FS_MspInit 1 */
 1062              		.loc 1 425 5 view .LVU313
 1063              		.loc 1 431 1 is_stmt 0 view .LVU314
 1064 00a6 BCE7     		b	.L43
 1065              	.LVL54:
 1066              	.L48:
 398:Src/stm32h7xx_hal_msp.c ****     }
 1067              		.loc 1 398 7 is_stmt 1 view .LVU315
 1068 00a8 FFF7FEFF 		bl	Error_Handler
 1069              	.LVL55:
 1070 00ac C8E7     		b	.L45
 1071              	.L50:
 1072 00ae 00BF     		.align	2
 1073              	.L49:
 1074 00b0 00000840 		.word	1074266112
 1075 00b4 00440258 		.word	1476543488
 1076 00b8 00000258 		.word	1476526080
 1077              		.cfi_endproc
 1078              	.LFE151:
 1080              		.section	.text.HAL_PCD_MspDeInit,"ax",%progbits
 1081              		.align	1
 1082              		.global	HAL_PCD_MspDeInit
 1083              		.syntax unified
 1084              		.thumb
 1085              		.thumb_func
 1087              	HAL_PCD_MspDeInit:
 1088              	.LVL56:
 1089              	.LFB152:
 432:Src/stm32h7xx_hal_msp.c **** 
 433:Src/stm32h7xx_hal_msp.c **** /**
 434:Src/stm32h7xx_hal_msp.c **** * @brief PCD MSP De-Initialization
 435:Src/stm32h7xx_hal_msp.c **** * This function freeze the hardware resources used in this example
 436:Src/stm32h7xx_hal_msp.c **** * @param hpcd: PCD handle pointer
 437:Src/stm32h7xx_hal_msp.c **** * @retval None
 438:Src/stm32h7xx_hal_msp.c **** */
 439:Src/stm32h7xx_hal_msp.c **** void HAL_PCD_MspDeInit(PCD_HandleTypeDef* hpcd)
 440:Src/stm32h7xx_hal_msp.c **** {
 1090              		.loc 1 440 1 view -0
 1091              		.cfi_startproc
 1092              		@ args = 0, pretend = 0, frame = 0
 1093              		@ frame_needed = 0, uses_anonymous_args = 0
 1094              		.loc 1 440 1 is_stmt 0 view .LVU317
 1095 0000 08B5     		push	{r3, lr}
 1096              	.LCFI21:
 1097              		.cfi_def_cfa_offset 8
 1098              		.cfi_offset 3, -8
 1099              		.cfi_offset 14, -4
ARM GAS  C:\Users\theto\AppData\Local\Temp\ccIeMQlV.s 			page 32


 441:Src/stm32h7xx_hal_msp.c ****   if(hpcd->Instance==USB_OTG_FS)
 1100              		.loc 1 441 3 is_stmt 1 view .LVU318
 1101              		.loc 1 441 10 is_stmt 0 view .LVU319
 1102 0002 0268     		ldr	r2, [r0]
 1103              		.loc 1 441 5 view .LVU320
 1104 0004 084B     		ldr	r3, .L55
 1105 0006 9A42     		cmp	r2, r3
 1106 0008 00D0     		beq	.L54
 1107              	.LVL57:
 1108              	.L51:
 442:Src/stm32h7xx_hal_msp.c ****   {
 443:Src/stm32h7xx_hal_msp.c ****   /* USER CODE BEGIN USB_OTG_FS_MspDeInit 0 */
 444:Src/stm32h7xx_hal_msp.c **** 
 445:Src/stm32h7xx_hal_msp.c ****   /* USER CODE END USB_OTG_FS_MspDeInit 0 */
 446:Src/stm32h7xx_hal_msp.c ****     /* Peripheral clock disable */
 447:Src/stm32h7xx_hal_msp.c ****     __HAL_RCC_USB_OTG_FS_CLK_DISABLE();
 448:Src/stm32h7xx_hal_msp.c **** 
 449:Src/stm32h7xx_hal_msp.c ****     /**USB_OTG_FS GPIO Configuration
 450:Src/stm32h7xx_hal_msp.c ****     PA8     ------> USB_OTG_FS_SOF
 451:Src/stm32h7xx_hal_msp.c ****     PA9     ------> USB_OTG_FS_VBUS
 452:Src/stm32h7xx_hal_msp.c ****     PA11     ------> USB_OTG_FS_DM
 453:Src/stm32h7xx_hal_msp.c ****     PA12     ------> USB_OTG_FS_DP
 454:Src/stm32h7xx_hal_msp.c ****     */
 455:Src/stm32h7xx_hal_msp.c ****     HAL_GPIO_DeInit(GPIOA, GPIO_PIN_8|GPIO_PIN_9|GPIO_PIN_11|GPIO_PIN_12);
 456:Src/stm32h7xx_hal_msp.c **** 
 457:Src/stm32h7xx_hal_msp.c ****   /* USER CODE BEGIN USB_OTG_FS_MspDeInit 1 */
 458:Src/stm32h7xx_hal_msp.c **** 
 459:Src/stm32h7xx_hal_msp.c ****   /* USER CODE END USB_OTG_FS_MspDeInit 1 */
 460:Src/stm32h7xx_hal_msp.c ****   }
 461:Src/stm32h7xx_hal_msp.c **** 
 462:Src/stm32h7xx_hal_msp.c **** }
 1109              		.loc 1 462 1 view .LVU321
 1110 000a 08BD     		pop	{r3, pc}
 1111              	.LVL58:
 1112              	.L54:
 447:Src/stm32h7xx_hal_msp.c **** 
 1113              		.loc 1 447 5 is_stmt 1 view .LVU322
 1114 000c 074A     		ldr	r2, .L55+4
 1115 000e D2F8D830 		ldr	r3, [r2, #216]
 1116 0012 23F00063 		bic	r3, r3, #134217728
 1117 0016 C2F8D830 		str	r3, [r2, #216]
 455:Src/stm32h7xx_hal_msp.c **** 
 1118              		.loc 1 455 5 view .LVU323
 1119 001a 4FF4D851 		mov	r1, #6912
 1120 001e 0448     		ldr	r0, .L55+8
 1121              	.LVL59:
 455:Src/stm32h7xx_hal_msp.c **** 
 1122              		.loc 1 455 5 is_stmt 0 view .LVU324
 1123 0020 FFF7FEFF 		bl	HAL_GPIO_DeInit
 1124              	.LVL60:
 1125              		.loc 1 462 1 view .LVU325
 1126 0024 F1E7     		b	.L51
 1127              	.L56:
 1128 0026 00BF     		.align	2
 1129              	.L55:
 1130 0028 00000840 		.word	1074266112
 1131 002c 00440258 		.word	1476543488
ARM GAS  C:\Users\theto\AppData\Local\Temp\ccIeMQlV.s 			page 33


 1132 0030 00000258 		.word	1476526080
 1133              		.cfi_endproc
 1134              	.LFE152:
 1136              		.text
 1137              	.Letext0:
 1138              		.file 2 "d:\\l\\program\\gcc-arm-none-eabi-10.3\\arm-none-eabi\\include\\machine\\_default_types.h
 1139              		.file 3 "d:\\l\\program\\gcc-arm-none-eabi-10.3\\arm-none-eabi\\include\\sys\\_stdint.h"
 1140              		.file 4 "Drivers/CMSIS/Device/ST/STM32H7xx/Include/stm32h743xx.h"
 1141              		.file 5 "Drivers/STM32H7xx_HAL_Driver/Inc/stm32h7xx_hal_def.h"
 1142              		.file 6 "Drivers/STM32H7xx_HAL_Driver/Inc/stm32h7xx_hal_rcc_ex.h"
 1143              		.file 7 "Drivers/STM32H7xx_HAL_Driver/Inc/stm32h7xx_hal_gpio.h"
 1144              		.file 8 "Drivers/STM32H7xx_HAL_Driver/Inc/stm32h7xx_hal_dma.h"
 1145              		.file 9 "Drivers/STM32H7xx_HAL_Driver/Inc/stm32h7xx_hal_dcmi.h"
 1146              		.file 10 "Drivers/STM32H7xx_HAL_Driver/Inc/stm32h7xx_hal_eth.h"
 1147              		.file 11 "Drivers/STM32H7xx_HAL_Driver/Inc/stm32h7xx_hal_uart.h"
 1148              		.file 12 "Drivers/STM32H7xx_HAL_Driver/Inc/stm32h7xx_ll_usb.h"
 1149              		.file 13 "Drivers/STM32H7xx_HAL_Driver/Inc/stm32h7xx_hal_pcd.h"
 1150              		.file 14 "Drivers/STM32H7xx_HAL_Driver/Inc/stm32h7xx_hal_pwr_ex.h"
 1151              		.file 15 "Inc/main.h"
 1152              		.file 16 "<built-in>"
ARM GAS  C:\Users\theto\AppData\Local\Temp\ccIeMQlV.s 			page 34


DEFINED SYMBOLS
                            *ABS*:00000000 stm32h7xx_hal_msp.c
C:\Users\theto\AppData\Local\Temp\ccIeMQlV.s:19     .text.HAL_MspInit:00000000 $t
C:\Users\theto\AppData\Local\Temp\ccIeMQlV.s:25     .text.HAL_MspInit:00000000 HAL_MspInit
C:\Users\theto\AppData\Local\Temp\ccIeMQlV.s:61     .text.HAL_MspInit:00000020 $d
C:\Users\theto\AppData\Local\Temp\ccIeMQlV.s:66     .text.HAL_DCMI_MspInit:00000000 $t
C:\Users\theto\AppData\Local\Temp\ccIeMQlV.s:72     .text.HAL_DCMI_MspInit:00000000 HAL_DCMI_MspInit
C:\Users\theto\AppData\Local\Temp\ccIeMQlV.s:284    .text.HAL_DCMI_MspInit:000000ec $d
C:\Users\theto\AppData\Local\Temp\ccIeMQlV.s:294    .text.HAL_DCMI_MspDeInit:00000000 $t
C:\Users\theto\AppData\Local\Temp\ccIeMQlV.s:300    .text.HAL_DCMI_MspDeInit:00000000 HAL_DCMI_MspDeInit
C:\Users\theto\AppData\Local\Temp\ccIeMQlV.s:358    .text.HAL_DCMI_MspDeInit:00000040 $d
C:\Users\theto\AppData\Local\Temp\ccIeMQlV.s:368    .text.HAL_ETH_MspInit:00000000 $t
C:\Users\theto\AppData\Local\Temp\ccIeMQlV.s:374    .text.HAL_ETH_MspInit:00000000 HAL_ETH_MspInit
C:\Users\theto\AppData\Local\Temp\ccIeMQlV.s:616    .text.HAL_ETH_MspInit:00000120 $d
C:\Users\theto\AppData\Local\Temp\ccIeMQlV.s:626    .text.HAL_ETH_MspDeInit:00000000 $t
C:\Users\theto\AppData\Local\Temp\ccIeMQlV.s:632    .text.HAL_ETH_MspDeInit:00000000 HAL_ETH_MspDeInit
C:\Users\theto\AppData\Local\Temp\ccIeMQlV.s:698    .text.HAL_ETH_MspDeInit:00000058 $d
C:\Users\theto\AppData\Local\Temp\ccIeMQlV.s:708    .text.HAL_UART_MspInit:00000000 $t
C:\Users\theto\AppData\Local\Temp\ccIeMQlV.s:714    .text.HAL_UART_MspInit:00000000 HAL_UART_MspInit
C:\Users\theto\AppData\Local\Temp\ccIeMQlV.s:845    .text.HAL_UART_MspInit:0000008c $d
C:\Users\theto\AppData\Local\Temp\ccIeMQlV.s:852    .text.HAL_UART_MspDeInit:00000000 $t
C:\Users\theto\AppData\Local\Temp\ccIeMQlV.s:858    .text.HAL_UART_MspDeInit:00000000 HAL_UART_MspDeInit
C:\Users\theto\AppData\Local\Temp\ccIeMQlV.s:901    .text.HAL_UART_MspDeInit:00000028 $d
C:\Users\theto\AppData\Local\Temp\ccIeMQlV.s:908    .text.HAL_PCD_MspInit:00000000 $t
C:\Users\theto\AppData\Local\Temp\ccIeMQlV.s:914    .text.HAL_PCD_MspInit:00000000 HAL_PCD_MspInit
C:\Users\theto\AppData\Local\Temp\ccIeMQlV.s:1074   .text.HAL_PCD_MspInit:000000b0 $d
C:\Users\theto\AppData\Local\Temp\ccIeMQlV.s:1081   .text.HAL_PCD_MspDeInit:00000000 $t
C:\Users\theto\AppData\Local\Temp\ccIeMQlV.s:1087   .text.HAL_PCD_MspDeInit:00000000 HAL_PCD_MspDeInit
C:\Users\theto\AppData\Local\Temp\ccIeMQlV.s:1130   .text.HAL_PCD_MspDeInit:00000028 $d

UNDEFINED SYMBOLS
HAL_GPIO_Init
HAL_GPIO_DeInit
memset
HAL_RCCEx_PeriphCLKConfig
Error_Handler
HAL_PWREx_EnableUSBVoltageDetector
